{"meta": {"format": 3, "version": "7.10.3", "timestamp": "2025-08-14T05:45:29.814147", "branch_coverage": true, "show_contexts": false}, "files": {"src/ai_research_framework/__init__.py": {"executed_lines": [1, 10, 11, 12, 13, 15, 16, 18], "summary": {"covered_lines": 7, "num_statements": 7, "percent_covered": 100.0, "percent_covered_display": "100.00", "missing_lines": 0, "excluded_lines": 0, "num_branches": 0, "num_partial_branches": 0, "covered_branches": 0, "missing_branches": 0}, "missing_lines": [], "excluded_lines": [], "executed_branches": [], "missing_branches": [], "functions": {"": {"executed_lines": [1, 10, 11, 12, 13, 15, 16, 18], "summary": {"covered_lines": 7, "num_statements": 7, "percent_covered": 100.0, "percent_covered_display": "100.00", "missing_lines": 0, "excluded_lines": 0, "num_branches": 0, "num_partial_branches": 0, "covered_branches": 0, "missing_branches": 0}, "missing_lines": [], "excluded_lines": [], "executed_branches": [], "missing_branches": []}}, "classes": {"": {"executed_lines": [1, 10, 11, 12, 13, 15, 16, 18], "summary": {"covered_lines": 7, "num_statements": 7, "percent_covered": 100.0, "percent_covered_display": "100.00", "missing_lines": 0, "excluded_lines": 0, "num_branches": 0, "num_partial_branches": 0, "covered_branches": 0, "missing_branches": 0}, "missing_lines": [], "excluded_lines": [], "executed_branches": [], "missing_branches": []}}}, "src/ai_research_framework/analyzers/__init__.py": {"executed_lines": [1], "summary": {"covered_lines": 0, "num_statements": 0, "percent_covered": 100.0, "percent_covered_display": "100.00", "missing_lines": 0, "excluded_lines": 0, "num_branches": 0, "num_partial_branches": 0, "covered_branches": 0, "missing_branches": 0}, "missing_lines": [], "excluded_lines": [], "executed_branches": [], "missing_branches": [], "functions": {"": {"executed_lines": [1], "summary": {"covered_lines": 0, "num_statements": 0, "percent_covered": 100.0, "percent_covered_display": "100.00", "missing_lines": 0, "excluded_lines": 0, "num_branches": 0, "num_partial_branches": 0, "covered_branches": 0, "missing_branches": 0}, "missing_lines": [], "excluded_lines": [], "executed_branches": [], "missing_branches": []}}, "classes": {"": {"executed_lines": [1], "summary": {"covered_lines": 0, "num_statements": 0, "percent_covered": 100.0, "percent_covered_display": "100.00", "missing_lines": 0, "excluded_lines": 0, "num_branches": 0, "num_partial_branches": 0, "covered_branches": 0, "missing_branches": 0}, "missing_lines": [], "excluded_lines": [], "executed_branches": [], "missing_branches": []}}}, "src/ai_research_framework/analyzers/ai_analyzer.py": {"executed_lines": [1, 3, 4, 5, 6, 7, 8, 9, 10, 12, 13, 14, 17, 18, 19, 20, 21, 22, 23, 24, 25, 26, 27, 30, 31, 32, 33, 34, 35, 36, 37, 40, 41, 42, 43, 44, 45, 46, 47, 48, 49, 52, 53, 54, 55, 56, 57, 58, 59, 62, 63, 64, 65, 66, 67, 68, 69, 72, 73, 74, 75, 76, 77, 78, 79, 80, 81, 84, 85, 86, 87, 88, 89, 90, 91, 92, 95, 96, 97, 98, 99, 100, 101, 102, 103, 104, 107, 108, 110, 111, 112, 113, 116, 125, 134, 136, 137, 138, 139, 145, 146, 148, 161, 261, 299, 335, 372, 496, 500, 505, 510, 515], "summary": {"covered_lines": 102, "num_statements": 203, "percent_covered": 44.63519313304721, "percent_covered_display": "44.64", "missing_lines": 101, "excluded_lines": 0, "num_branches": 30, "num_partial_branches": 2, "covered_branches": 2, "missing_branches": 28}, "missing_lines": [140, 144, 149, 150, 151, 154, 155, 156, 158, 159, 163, 165, 167, 170, 171, 174, 175, 177, 179, 187, 189, 190, 191, 194, 195, 196, 197, 204, 205, 206, 207, 213, 223, 225, 226, 229, 230, 231, 232, 234, 236, 244, 245, 255, 268, 270, 271, 273, 275, 277, 286, 287, 288, 290, 306, 308, 309, 310, 312, 314, 322, 323, 324, 326, 342, 343, 345, 346, 347, 349, 351, 359, 360, 361, 363, 381, 383, 384, 386, 399, 400, 402, 403, 404, 405, 407, 408, 409, 411, 419, 455, 470, 472, 481, 482, 483, 485, 502, 507, 512, 522], "excluded_lines": [], "executed_branches": [[137, 138], [148, -134]], "missing_branches": [[137, 148], [148, 149], [165, 167], [165, 187], [170, 171], [170, 174], [174, 175], [174, 177], [187, 189], [187, 223], [194, 195], [194, 204], [196, 194], [196, 197], [204, 205], [204, 213], [206, 204], [206, 207], [223, 225], [223, 244], [230, 231], [230, 234], [244, 245], [244, 255], [402, 403], [402, 419], [408, 409], [408, 411]], "functions": {"AIAnalyzer.__init__": {"executed_lines": [111, 112, 113, 116, 125], "summary": {"covered_lines": 5, "num_statements": 5, "percent_covered": 100.0, "percent_covered_display": "100.00", "missing_lines": 0, "excluded_lines": 0, "num_branches": 0, "num_partial_branches": 0, "covered_branches": 0, "missing_branches": 0}, "missing_lines": [], "excluded_lines": [], "executed_branches": [], "missing_branches": []}, "AIAnalyzer._initialize_clients": {"executed_lines": [136, 137, 138, 139, 145, 146, 148], "summary": {"covered_lines": 7, "num_statements": 17, "percent_covered": 42.857142857142854, "percent_covered_display": "42.86", "missing_lines": 10, "excluded_lines": 0, "num_branches": 4, "num_partial_branches": 2, "covered_branches": 2, "missing_branches": 2}, "missing_lines": [140, 144, 149, 150, 151, 154, 155, 156, 158, 159], "excluded_lines": [], "executed_branches": [[137, 138], [148, -134]], "missing_branches": [[137, 148], [148, 149]]}, "AIAnalyzer._fallback_analysis": {"executed_lines": [], "summary": {"covered_lines": 0, "num_statements": 34, "percent_covered": 0.0, "percent_covered_display": "0.00", "missing_lines": 34, "excluded_lines": 0, "num_branches": 22, "num_partial_branches": 0, "covered_branches": 0, "missing_branches": 22}, "missing_lines": [163, 165, 167, 170, 171, 174, 175, 177, 179, 187, 189, 190, 191, 194, 195, 196, 197, 204, 205, 206, 207, 213, 223, 225, 226, 229, 230, 231, 232, 234, 236, 244, 245, 255], "excluded_lines": [], "executed_branches": [], "missing_branches": [[165, 167], [165, 187], [170, 171], [170, 174], [174, 175], [174, 177], [187, 189], [187, 223], [194, 195], [194, 204], [196, 194], [196, 197], [204, 205], [204, 213], [206, 204], [206, 207], [223, 225], [223, 244], [230, 231], [230, 234], [244, 245], [244, 255]]}, "AIAnalyzer.analyze_document_credibility": {"executed_lines": [], "summary": {"covered_lines": 0, "num_statements": 10, "percent_covered": 0.0, "percent_covered_display": "0.00", "missing_lines": 10, "excluded_lines": 0, "num_branches": 0, "num_partial_branches": 0, "covered_branches": 0, "missing_branches": 0}, "missing_lines": [268, 270, 271, 273, 275, 277, 286, 287, 288, 290], "excluded_lines": [], "executed_branches": [], "missing_branches": []}, "AIAnalyzer.detect_bias": {"executed_lines": [], "summary": {"covered_lines": 0, "num_statements": 10, "percent_covered": 0.0, "percent_covered_display": "0.00", "missing_lines": 10, "excluded_lines": 0, "num_branches": 0, "num_partial_branches": 0, "covered_branches": 0, "missing_branches": 0}, "missing_lines": [306, 308, 309, 310, 312, 314, 322, 323, 324, 326], "excluded_lines": [], "executed_branches": [], "missing_branches": []}, "AIAnalyzer.extract_entities": {"executed_lines": [], "summary": {"covered_lines": 0, "num_statements": 11, "percent_covered": 0.0, "percent_covered_display": "0.00", "missing_lines": 11, "excluded_lines": 0, "num_branches": 0, "num_partial_branches": 0, "covered_branches": 0, "missing_branches": 0}, "missing_lines": [342, 343, 345, 346, 347, 349, 351, 359, 360, 361, 363], "excluded_lines": [], "executed_branches": [], "missing_branches": []}, "AIAnalyzer.create_youtube_script": {"executed_lines": [], "summary": {"covered_lines": 0, "num_statements": 22, "percent_covered": 0.0, "percent_covered_display": "0.00", "missing_lines": 22, "excluded_lines": 0, "num_branches": 4, "num_partial_branches": 0, "covered_branches": 0, "missing_branches": 4}, "missing_lines": [381, 383, 384, 386, 399, 400, 402, 403, 404, 405, 407, 408, 409, 411, 419, 455, 470, 472, 481, 482, 483, 485], "excluded_lines": [], "executed_branches": [], "missing_branches": [[402, 403], [402, 419], [408, 409], [408, 411]]}, "analyze_document_credibility": {"executed_lines": [], "summary": {"covered_lines": 0, "num_statements": 1, "percent_covered": 0.0, "percent_covered_display": "0.00", "missing_lines": 1, "excluded_lines": 0, "num_branches": 0, "num_partial_branches": 0, "covered_branches": 0, "missing_branches": 0}, "missing_lines": [502], "excluded_lines": [], "executed_branches": [], "missing_branches": []}, "detect_document_bias": {"executed_lines": [], "summary": {"covered_lines": 0, "num_statements": 1, "percent_covered": 0.0, "percent_covered_display": "0.00", "missing_lines": 1, "excluded_lines": 0, "num_branches": 0, "num_partial_branches": 0, "covered_branches": 0, "missing_branches": 0}, "missing_lines": [507], "excluded_lines": [], "executed_branches": [], "missing_branches": []}, "extract_historical_entities": {"executed_lines": [], "summary": {"covered_lines": 0, "num_statements": 1, "percent_covered": 0.0, "percent_covered_display": "0.00", "missing_lines": 1, "excluded_lines": 0, "num_branches": 0, "num_partial_branches": 0, "covered_branches": 0, "missing_branches": 0}, "missing_lines": [512], "excluded_lines": [], "executed_branches": [], "missing_branches": []}, "create_youtube_script": {"executed_lines": [], "summary": {"covered_lines": 0, "num_statements": 1, "percent_covered": 0.0, "percent_covered_display": "0.00", "missing_lines": 1, "excluded_lines": 0, "num_branches": 0, "num_partial_branches": 0, "covered_branches": 0, "missing_branches": 0}, "missing_lines": [522], "excluded_lines": [], "executed_branches": [], "missing_branches": []}, "": {"executed_lines": [1, 3, 4, 5, 6, 7, 8, 9, 10, 12, 13, 14, 17, 18, 19, 20, 21, 22, 23, 24, 25, 26, 27, 30, 31, 32, 33, 34, 35, 36, 37, 40, 41, 42, 43, 44, 45, 46, 47, 48, 49, 52, 53, 54, 55, 56, 57, 58, 59, 62, 63, 64, 65, 66, 67, 68, 69, 72, 73, 74, 75, 76, 77, 78, 79, 80, 81, 84, 85, 86, 87, 88, 89, 90, 91, 92, 95, 96, 97, 98, 99, 100, 101, 102, 103, 104, 107, 108, 110, 134, 161, 261, 299, 335, 372, 496, 500, 505, 510, 515], "summary": {"covered_lines": 90, "num_statements": 90, "percent_covered": 100.0, "percent_covered_display": "100.00", "missing_lines": 0, "excluded_lines": 0, "num_branches": 0, "num_partial_branches": 0, "covered_branches": 0, "missing_branches": 0}, "missing_lines": [], "excluded_lines": [], "executed_branches": [], "missing_branches": []}}, "classes": {"AnalysisType": {"executed_lines": [], "summary": {"covered_lines": 0, "num_statements": 0, "percent_covered": 100.0, "percent_covered_display": "100.00", "missing_lines": 0, "excluded_lines": 0, "num_branches": 0, "num_partial_branches": 0, "covered_branches": 0, "missing_branches": 0}, "missing_lines": [], "excluded_lines": [], "executed_branches": [], "missing_branches": []}, "CredibilityLevel": {"executed_lines": [], "summary": {"covered_lines": 0, "num_statements": 0, "percent_covered": 100.0, "percent_covered_display": "100.00", "missing_lines": 0, "excluded_lines": 0, "num_branches": 0, "num_partial_branches": 0, "covered_branches": 0, "missing_branches": 0}, "missing_lines": [], "excluded_lines": [], "executed_branches": [], "missing_branches": []}, "BiasType": {"executed_lines": [], "summary": {"covered_lines": 0, "num_statements": 0, "percent_covered": 100.0, "percent_covered_display": "100.00", "missing_lines": 0, "excluded_lines": 0, "num_branches": 0, "num_partial_branches": 0, "covered_branches": 0, "missing_branches": 0}, "missing_lines": [], "excluded_lines": [], "executed_branches": [], "missing_branches": []}, "CredibilityResult": {"executed_lines": [], "summary": {"covered_lines": 0, "num_statements": 0, "percent_covered": 100.0, "percent_covered_display": "100.00", "missing_lines": 0, "excluded_lines": 0, "num_branches": 0, "num_partial_branches": 0, "covered_branches": 0, "missing_branches": 0}, "missing_lines": [], "excluded_lines": [], "executed_branches": [], "missing_branches": []}, "BiasResult": {"executed_lines": [], "summary": {"covered_lines": 0, "num_statements": 0, "percent_covered": 100.0, "percent_covered_display": "100.00", "missing_lines": 0, "excluded_lines": 0, "num_branches": 0, "num_partial_branches": 0, "covered_branches": 0, "missing_branches": 0}, "missing_lines": [], "excluded_lines": [], "executed_branches": [], "missing_branches": []}, "EntityResult": {"executed_lines": [], "summary": {"covered_lines": 0, "num_statements": 0, "percent_covered": 100.0, "percent_covered_display": "100.00", "missing_lines": 0, "excluded_lines": 0, "num_branches": 0, "num_partial_branches": 0, "covered_branches": 0, "missing_branches": 0}, "missing_lines": [], "excluded_lines": [], "executed_branches": [], "missing_branches": []}, "ScriptResult": {"executed_lines": [], "summary": {"covered_lines": 0, "num_statements": 0, "percent_covered": 100.0, "percent_covered_display": "100.00", "missing_lines": 0, "excluded_lines": 0, "num_branches": 0, "num_partial_branches": 0, "covered_branches": 0, "missing_branches": 0}, "missing_lines": [], "excluded_lines": [], "executed_branches": [], "missing_branches": []}, "AnalysisResult": {"executed_lines": [], "summary": {"covered_lines": 0, "num_statements": 0, "percent_covered": 100.0, "percent_covered_display": "100.00", "missing_lines": 0, "excluded_lines": 0, "num_branches": 0, "num_partial_branches": 0, "covered_branches": 0, "missing_branches": 0}, "missing_lines": [], "excluded_lines": [], "executed_branches": [], "missing_branches": []}, "AIAnalyzer": {"executed_lines": [111, 112, 113, 116, 125, 136, 137, 138, 139, 145, 146, 148], "summary": {"covered_lines": 12, "num_statements": 109, "percent_covered": 10.071942446043165, "percent_covered_display": "10.07", "missing_lines": 97, "excluded_lines": 0, "num_branches": 30, "num_partial_branches": 2, "covered_branches": 2, "missing_branches": 28}, "missing_lines": [140, 144, 149, 150, 151, 154, 155, 156, 158, 159, 163, 165, 167, 170, 171, 174, 175, 177, 179, 187, 189, 190, 191, 194, 195, 196, 197, 204, 205, 206, 207, 213, 223, 225, 226, 229, 230, 231, 232, 234, 236, 244, 245, 255, 268, 270, 271, 273, 275, 277, 286, 287, 288, 290, 306, 308, 309, 310, 312, 314, 322, 323, 324, 326, 342, 343, 345, 346, 347, 349, 351, 359, 360, 361, 363, 381, 383, 384, 386, 399, 400, 402, 403, 404, 405, 407, 408, 409, 411, 419, 455, 470, 472, 481, 482, 483, 485], "excluded_lines": [], "executed_branches": [[137, 138], [148, -134]], "missing_branches": [[137, 148], [148, 149], [165, 167], [165, 187], [170, 171], [170, 174], [174, 175], [174, 177], [187, 189], [187, 223], [194, 195], [194, 204], [196, 194], [196, 197], [204, 205], [204, 213], [206, 204], [206, 207], [223, 225], [223, 244], [230, 231], [230, 234], [244, 245], [244, 255], [402, 403], [402, 419], [408, 409], [408, 411]]}, "": {"executed_lines": [1, 3, 4, 5, 6, 7, 8, 9, 10, 12, 13, 14, 17, 18, 19, 20, 21, 22, 23, 24, 25, 26, 27, 30, 31, 32, 33, 34, 35, 36, 37, 40, 41, 42, 43, 44, 45, 46, 47, 48, 49, 52, 53, 54, 55, 56, 57, 58, 59, 62, 63, 64, 65, 66, 67, 68, 69, 72, 73, 74, 75, 76, 77, 78, 79, 80, 81, 84, 85, 86, 87, 88, 89, 90, 91, 92, 95, 96, 97, 98, 99, 100, 101, 102, 103, 104, 107, 108, 110, 134, 161, 261, 299, 335, 372, 496, 500, 505, 510, 515], "summary": {"covered_lines": 90, "num_statements": 94, "percent_covered": 95.74468085106383, "percent_covered_display": "95.74", "missing_lines": 4, "excluded_lines": 0, "num_branches": 0, "num_partial_branches": 0, "covered_branches": 0, "missing_branches": 0}, "missing_lines": [502, 507, 512, 522], "excluded_lines": [], "executed_branches": [], "missing_branches": []}}}, "src/ai_research_framework/api/__init__.py": {"executed_lines": [1, 3, 5], "summary": {"covered_lines": 2, "num_statements": 2, "percent_covered": 100.0, "percent_covered_display": "100.00", "missing_lines": 0, "excluded_lines": 0, "num_branches": 0, "num_partial_branches": 0, "covered_branches": 0, "missing_branches": 0}, "missing_lines": [], "excluded_lines": [], "executed_branches": [], "missing_branches": [], "functions": {"": {"executed_lines": [1, 3, 5], "summary": {"covered_lines": 2, "num_statements": 2, "percent_covered": 100.0, "percent_covered_display": "100.00", "missing_lines": 0, "excluded_lines": 0, "num_branches": 0, "num_partial_branches": 0, "covered_branches": 0, "missing_branches": 0}, "missing_lines": [], "excluded_lines": [], "executed_branches": [], "missing_branches": []}}, "classes": {"": {"executed_lines": [1, 3, 5], "summary": {"covered_lines": 2, "num_statements": 2, "percent_covered": 100.0, "percent_covered_display": "100.00", "missing_lines": 0, "excluded_lines": 0, "num_branches": 0, "num_partial_branches": 0, "covered_branches": 0, "missing_branches": 0}, "missing_lines": [], "excluded_lines": [], "executed_branches": [], "missing_branches": []}}}, "src/ai_research_framework/api/main.py": {"executed_lines": [1, 3, 4, 5, 6, 8, 9, 10, 11, 12, 14, 15, 16, 17, 20, 21, 79, 82, 92, 98, 107, 108, 111, 112, 113, 114, 115, 116, 119, 120, 134, 135, 163, 164, 176, 189], "summary": {"covered_lines": 34, "num_statements": 76, "percent_covered": 43.58974358974359, "percent_covered_display": "43.59", "missing_lines": 42, "excluded_lines": 2, "num_branches": 2, "num_partial_branches": 0, "covered_branches": 0, "missing_branches": 2}, "missing_lines": [24, 27, 28, 29, 30, 31, 32, 33, 36, 38, 39, 40, 44, 45, 46, 47, 48, 49, 50, 52, 54, 57, 60, 61, 62, 63, 64, 65, 68, 69, 70, 71, 72, 73, 75, 122, 137, 139, 140, 151, 166, 178], "excluded_lines": [189, 190], "executed_branches": [], "missing_branches": [[139, 140], [139, 151]], "functions": {"lifespan": {"executed_lines": [], "summary": {"covered_lines": 0, "num_statements": 35, "percent_covered": 0.0, "percent_covered_display": "0.00", "missing_lines": 35, "excluded_lines": 0, "num_branches": 0, "num_partial_branches": 0, "covered_branches": 0, "missing_branches": 0}, "missing_lines": [24, 27, 28, 29, 30, 31, 32, 33, 36, 38, 39, 40, 44, 45, 46, 47, 48, 49, 50, 52, 54, 57, 60, 61, 62, 63, 64, 65, 68, 69, 70, 71, 72, 73, 75], "excluded_lines": [], "executed_branches": [], "missing_branches": []}, "http_exception_handler": {"executed_lines": [], "summary": {"covered_lines": 0, "num_statements": 1, "percent_covered": 0.0, "percent_covered_display": "0.00", "missing_lines": 1, "excluded_lines": 0, "num_branches": 0, "num_partial_branches": 0, "covered_branches": 0, "missing_branches": 0}, "missing_lines": [122], "excluded_lines": [], "executed_branches": [], "missing_branches": []}, "general_exception_handler": {"executed_lines": [], "summary": {"covered_lines": 0, "num_statements": 4, "percent_covered": 0.0, "percent_covered_display": "0.00", "missing_lines": 4, "excluded_lines": 0, "num_branches": 2, "num_partial_branches": 0, "covered_branches": 0, "missing_branches": 2}, "missing_lines": [137, 139, 140, 151], "excluded_lines": [], "executed_branches": [], "missing_branches": [[139, 140], [139, 151]]}, "root": {"executed_lines": [], "summary": {"covered_lines": 0, "num_statements": 1, "percent_covered": 0.0, "percent_covered_display": "0.00", "missing_lines": 1, "excluded_lines": 0, "num_branches": 0, "num_partial_branches": 0, "covered_branches": 0, "missing_branches": 0}, "missing_lines": [166], "excluded_lines": [], "executed_branches": [], "missing_branches": []}, "run_server": {"executed_lines": [], "summary": {"covered_lines": 0, "num_statements": 1, "percent_covered": 0.0, "percent_covered_display": "0.00", "missing_lines": 1, "excluded_lines": 0, "num_branches": 0, "num_partial_branches": 0, "covered_branches": 0, "missing_branches": 0}, "missing_lines": [178], "excluded_lines": [], "executed_branches": [], "missing_branches": []}, "": {"executed_lines": [1, 3, 4, 5, 6, 8, 9, 10, 11, 12, 14, 15, 16, 17, 20, 21, 79, 82, 92, 98, 107, 108, 111, 112, 113, 114, 115, 116, 119, 120, 134, 135, 163, 164, 176, 189], "summary": {"covered_lines": 34, "num_statements": 34, "percent_covered": 100.0, "percent_covered_display": "100.00", "missing_lines": 0, "excluded_lines": 2, "num_branches": 0, "num_partial_branches": 0, "covered_branches": 0, "missing_branches": 0}, "missing_lines": [], "excluded_lines": [189, 190], "executed_branches": [], "missing_branches": []}}, "classes": {"": {"executed_lines": [1, 3, 4, 5, 6, 8, 9, 10, 11, 12, 14, 15, 16, 17, 20, 21, 79, 82, 92, 98, 107, 108, 111, 112, 113, 114, 115, 116, 119, 120, 134, 135, 163, 164, 176, 189], "summary": {"covered_lines": 34, "num_statements": 76, "percent_covered": 43.58974358974359, "percent_covered_display": "43.59", "missing_lines": 42, "excluded_lines": 2, "num_branches": 2, "num_partial_branches": 0, "covered_branches": 0, "missing_branches": 2}, "missing_lines": [24, 27, 28, 29, 30, 31, 32, 33, 36, 38, 39, 40, 44, 45, 46, 47, 48, 49, 50, 52, 54, 57, 60, 61, 62, 63, 64, 65, 68, 69, 70, 71, 72, 73, 75, 122, 137, 139, 140, 151, 166, 178], "excluded_lines": [189, 190], "executed_branches": [], "missing_branches": [[139, 140], [139, 151]]}}}, "src/ai_research_framework/api/middleware.py": {"executed_lines": [1, 3, 4, 5, 6, 7, 8, 11, 12, 14, 69, 70, 72, 78], "summary": {"covered_lines": 11, "num_statements": 37, "percent_covered": 26.829268292682926, "percent_covered_display": "26.83", "missing_lines": 26, "excluded_lines": 0, "num_branches": 4, "num_partial_branches": 0, "covered_branches": 0, "missing_branches": 4}, "missing_lines": [16, 19, 31, 32, 33, 36, 47, 49, 51, 52, 55, 66, 73, 74, 75, 76, 80, 81, 84, 90, 92, 97, 98, 109, 111, 113], "excluded_lines": [], "executed_branches": [], "missing_branches": [[90, 92], [90, 111], [97, 98], [97, 109]], "functions": {"LoggingMiddleware.dispatch": {"executed_lines": [], "summary": {"covered_lines": 0, "num_statements": 12, "percent_covered": 0.0, "percent_covered_display": "0.00", "missing_lines": 12, "excluded_lines": 0, "num_branches": 0, "num_partial_branches": 0, "covered_branches": 0, "missing_branches": 0}, "missing_lines": [16, 19, 31, 32, 33, 36, 47, 49, 51, 52, 55, 66], "excluded_lines": [], "executed_branches": [], "missing_branches": []}, "RateLimitMiddleware.__init__": {"executed_lines": [], "summary": {"covered_lines": 0, "num_statements": 4, "percent_covered": 0.0, "percent_covered_display": "0.00", "missing_lines": 4, "excluded_lines": 0, "num_branches": 0, "num_partial_branches": 0, "covered_branches": 0, "missing_branches": 0}, "missing_lines": [73, 74, 75, 76], "excluded_lines": [], "executed_branches": [], "missing_branches": []}, "RateLimitMiddleware.dispatch": {"executed_lines": [], "summary": {"covered_lines": 0, "num_statements": 10, "percent_covered": 0.0, "percent_covered_display": "0.00", "missing_lines": 10, "excluded_lines": 0, "num_branches": 4, "num_partial_branches": 0, "covered_branches": 0, "missing_branches": 4}, "missing_lines": [80, 81, 84, 90, 92, 97, 98, 109, 111, 113], "excluded_lines": [], "executed_branches": [], "missing_branches": [[90, 92], [90, 111], [97, 98], [97, 109]]}, "": {"executed_lines": [1, 3, 4, 5, 6, 7, 8, 11, 12, 14, 69, 70, 72, 78], "summary": {"covered_lines": 11, "num_statements": 11, "percent_covered": 100.0, "percent_covered_display": "100.00", "missing_lines": 0, "excluded_lines": 0, "num_branches": 0, "num_partial_branches": 0, "covered_branches": 0, "missing_branches": 0}, "missing_lines": [], "excluded_lines": [], "executed_branches": [], "missing_branches": []}}, "classes": {"LoggingMiddleware": {"executed_lines": [], "summary": {"covered_lines": 0, "num_statements": 12, "percent_covered": 0.0, "percent_covered_display": "0.00", "missing_lines": 12, "excluded_lines": 0, "num_branches": 0, "num_partial_branches": 0, "covered_branches": 0, "missing_branches": 0}, "missing_lines": [16, 19, 31, 32, 33, 36, 47, 49, 51, 52, 55, 66], "excluded_lines": [], "executed_branches": [], "missing_branches": []}, "RateLimitMiddleware": {"executed_lines": [], "summary": {"covered_lines": 0, "num_statements": 14, "percent_covered": 0.0, "percent_covered_display": "0.00", "missing_lines": 14, "excluded_lines": 0, "num_branches": 4, "num_partial_branches": 0, "covered_branches": 0, "missing_branches": 4}, "missing_lines": [73, 74, 75, 76, 80, 81, 84, 90, 92, 97, 98, 109, 111, 113], "excluded_lines": [], "executed_branches": [], "missing_branches": [[90, 92], [90, 111], [97, 98], [97, 109]]}, "": {"executed_lines": [1, 3, 4, 5, 6, 7, 8, 11, 12, 14, 69, 70, 72, 78], "summary": {"covered_lines": 11, "num_statements": 11, "percent_covered": 100.0, "percent_covered_display": "100.00", "missing_lines": 0, "excluded_lines": 0, "num_branches": 0, "num_partial_branches": 0, "covered_branches": 0, "missing_branches": 0}, "missing_lines": [], "excluded_lines": [], "executed_branches": [], "missing_branches": []}}}, "src/ai_research_framework/api/routes/__init__.py": {"executed_lines": [], "summary": {"covered_lines": 0, "num_statements": 0, "percent_covered": 100.0, "percent_covered_display": "100.00", "missing_lines": 0, "excluded_lines": 0, "num_branches": 0, "num_partial_branches": 0, "covered_branches": 0, "missing_branches": 0}, "missing_lines": [], "excluded_lines": [], "executed_branches": [], "missing_branches": [], "functions": {"": {"executed_lines": [], "summary": {"covered_lines": 0, "num_statements": 0, "percent_covered": 100.0, "percent_covered_display": "100.00", "missing_lines": 0, "excluded_lines": 0, "num_branches": 0, "num_partial_branches": 0, "covered_branches": 0, "missing_branches": 0}, "missing_lines": [], "excluded_lines": [], "executed_branches": [], "missing_branches": []}}, "classes": {"": {"executed_lines": [], "summary": {"covered_lines": 0, "num_statements": 0, "percent_covered": 100.0, "percent_covered_display": "100.00", "missing_lines": 0, "excluded_lines": 0, "num_branches": 0, "num_partial_branches": 0, "covered_branches": 0, "missing_branches": 0}, "missing_lines": [], "excluded_lines": [], "executed_branches": [], "missing_branches": []}}}, "src/ai_research_framework/api/routes/analysis.py": {"executed_lines": [1, 3, 5], "summary": {"covered_lines": 2, "num_statements": 2, "percent_covered": 100.0, "percent_covered_display": "100.00", "missing_lines": 0, "excluded_lines": 0, "num_branches": 0, "num_partial_branches": 0, "covered_branches": 0, "missing_branches": 0}, "missing_lines": [], "excluded_lines": [], "executed_branches": [], "missing_branches": [], "functions": {"": {"executed_lines": [1, 3, 5], "summary": {"covered_lines": 2, "num_statements": 2, "percent_covered": 100.0, "percent_covered_display": "100.00", "missing_lines": 0, "excluded_lines": 0, "num_branches": 0, "num_partial_branches": 0, "covered_branches": 0, "missing_branches": 0}, "missing_lines": [], "excluded_lines": [], "executed_branches": [], "missing_branches": []}}, "classes": {"": {"executed_lines": [1, 3, 5], "summary": {"covered_lines": 2, "num_statements": 2, "percent_covered": 100.0, "percent_covered_display": "100.00", "missing_lines": 0, "excluded_lines": 0, "num_branches": 0, "num_partial_branches": 0, "covered_branches": 0, "missing_branches": 0}, "missing_lines": [], "excluded_lines": [], "executed_branches": [], "missing_branches": []}}}, "src/ai_research_framework/api/routes/auth.py": {"executed_lines": [1, 3, 5], "summary": {"covered_lines": 2, "num_statements": 2, "percent_covered": 100.0, "percent_covered_display": "100.00", "missing_lines": 0, "excluded_lines": 0, "num_branches": 0, "num_partial_branches": 0, "covered_branches": 0, "missing_branches": 0}, "missing_lines": [], "excluded_lines": [], "executed_branches": [], "missing_branches": [], "functions": {"": {"executed_lines": [1, 3, 5], "summary": {"covered_lines": 2, "num_statements": 2, "percent_covered": 100.0, "percent_covered_display": "100.00", "missing_lines": 0, "excluded_lines": 0, "num_branches": 0, "num_partial_branches": 0, "covered_branches": 0, "missing_branches": 0}, "missing_lines": [], "excluded_lines": [], "executed_branches": [], "missing_branches": []}}, "classes": {"": {"executed_lines": [1, 3, 5], "summary": {"covered_lines": 2, "num_statements": 2, "percent_covered": 100.0, "percent_covered_display": "100.00", "missing_lines": 0, "excluded_lines": 0, "num_branches": 0, "num_partial_branches": 0, "covered_branches": 0, "missing_branches": 0}, "missing_lines": [], "excluded_lines": [], "executed_branches": [], "missing_branches": []}}}, "src/ai_research_framework/api/routes/documents.py": {"executed_lines": [1, 3, 5], "summary": {"covered_lines": 2, "num_statements": 2, "percent_covered": 100.0, "percent_covered_display": "100.00", "missing_lines": 0, "excluded_lines": 0, "num_branches": 0, "num_partial_branches": 0, "covered_branches": 0, "missing_branches": 0}, "missing_lines": [], "excluded_lines": [], "executed_branches": [], "missing_branches": [], "functions": {"": {"executed_lines": [1, 3, 5], "summary": {"covered_lines": 2, "num_statements": 2, "percent_covered": 100.0, "percent_covered_display": "100.00", "missing_lines": 0, "excluded_lines": 0, "num_branches": 0, "num_partial_branches": 0, "covered_branches": 0, "missing_branches": 0}, "missing_lines": [], "excluded_lines": [], "executed_branches": [], "missing_branches": []}}, "classes": {"": {"executed_lines": [1, 3, 5], "summary": {"covered_lines": 2, "num_statements": 2, "percent_covered": 100.0, "percent_covered_display": "100.00", "missing_lines": 0, "excluded_lines": 0, "num_branches": 0, "num_partial_branches": 0, "covered_branches": 0, "missing_branches": 0}, "missing_lines": [], "excluded_lines": [], "executed_branches": [], "missing_branches": []}}}, "src/ai_research_framework/api/routes/health.py": {"executed_lines": [1, 3, 4, 5, 7, 8, 10, 13, 14, 15, 16, 17, 18, 19, 22, 25, 26, 89, 90, 114, 115, 128, 176, 188], "summary": {"covered_lines": 22, "num_statements": 90, "percent_covered": 21.153846153846153, "percent_covered_display": "21.15", "missing_lines": 68, "excluded_lines": 0, "num_branches": 14, "num_partial_branches": 0, "covered_branches": 0, "missing_branches": 14}, "missing_lines": [32, 41, 42, 43, 44, 45, 46, 47, 48, 52, 55, 56, 57, 58, 59, 60, 61, 62, 66, 69, 70, 71, 72, 73, 74, 75, 76, 80, 83, 84, 86, 96, 98, 104, 105, 106, 108, 110, 111, 121, 130, 133, 134, 136, 140, 141, 147, 154, 155, 156, 160, 161, 167, 173, 178, 179, 180, 182, 183, 184, 185, 190, 191, 192, 193, 194, 195, 196], "excluded_lines": [], "executed_branches": [], "missing_branches": [[45, 46], [45, 55], [59, 60], [59, 69], [73, 74], [73, 83], [104, 105], [104, 108], [105, 104], [105, 106], [133, 134], [133, 147], [154, 155], [154, 167]], "functions": {"health_check": {"executed_lines": [], "summary": {"covered_lines": 0, "num_statements": 31, "percent_covered": 0.0, "percent_covered_display": "0.00", "missing_lines": 31, "excluded_lines": 0, "num_branches": 6, "num_partial_branches": 0, "covered_branches": 0, "missing_branches": 6}, "missing_lines": [32, 41, 42, 43, 44, 45, 46, 47, 48, 52, 55, 56, 57, 58, 59, 60, 61, 62, 66, 69, 70, 71, 72, 73, 74, 75, 76, 80, 83, 84, 86], "excluded_lines": [], "executed_branches": [], "missing_branches": [[45, 46], [45, 55], [59, 60], [59, 69], [73, 74], [73, 83]]}, "readiness_check": {"executed_lines": [], "summary": {"covered_lines": 0, "num_statements": 8, "percent_covered": 0.0, "percent_covered_display": "0.00", "missing_lines": 8, "excluded_lines": 0, "num_branches": 4, "num_partial_branches": 0, "covered_branches": 0, "missing_branches": 4}, "missing_lines": [96, 98, 104, 105, 106, 108, 110, 111], "excluded_lines": [], "executed_branches": [], "missing_branches": [[104, 105], [104, 108], [105, 104], [105, 106]]}, "liveness_check": {"executed_lines": [], "summary": {"covered_lines": 0, "num_statements": 1, "percent_covered": 0.0, "percent_covered_display": "0.00", "missing_lines": 1, "excluded_lines": 0, "num_branches": 0, "num_partial_branches": 0, "covered_branches": 0, "missing_branches": 0}, "missing_lines": [121], "excluded_lines": [], "executed_branches": [], "missing_branches": []}, "check_ai_services": {"executed_lines": [], "summary": {"covered_lines": 0, "num_statements": 14, "percent_covered": 0.0, "percent_covered_display": "0.00", "missing_lines": 14, "excluded_lines": 0, "num_branches": 4, "num_partial_branches": 0, "covered_branches": 0, "missing_branches": 4}, "missing_lines": [130, 133, 134, 136, 140, 141, 147, 154, 155, 156, 160, 161, 167, 173], "excluded_lines": [], "executed_branches": [], "missing_branches": [[133, 134], [133, 147], [154, 155], [154, 167]]}, "check_database_ready": {"executed_lines": [], "summary": {"covered_lines": 0, "num_statements": 7, "percent_covered": 0.0, "percent_covered_display": "0.00", "missing_lines": 7, "excluded_lines": 0, "num_branches": 0, "num_partial_branches": 0, "covered_branches": 0, "missing_branches": 0}, "missing_lines": [178, 179, 180, 182, 183, 184, 185], "excluded_lines": [], "executed_branches": [], "missing_branches": []}, "check_cache_ready": {"executed_lines": [], "summary": {"covered_lines": 0, "num_statements": 7, "percent_covered": 0.0, "percent_covered_display": "0.00", "missing_lines": 7, "excluded_lines": 0, "num_branches": 0, "num_partial_branches": 0, "covered_branches": 0, "missing_branches": 0}, "missing_lines": [190, 191, 192, 193, 194, 195, 196], "excluded_lines": [], "executed_branches": [], "missing_branches": []}, "": {"executed_lines": [1, 3, 4, 5, 7, 8, 10, 13, 14, 15, 16, 17, 18, 19, 22, 25, 26, 89, 90, 114, 115, 128, 176, 188], "summary": {"covered_lines": 22, "num_statements": 22, "percent_covered": 100.0, "percent_covered_display": "100.00", "missing_lines": 0, "excluded_lines": 0, "num_branches": 0, "num_partial_branches": 0, "covered_branches": 0, "missing_branches": 0}, "missing_lines": [], "excluded_lines": [], "executed_branches": [], "missing_branches": []}}, "classes": {"HealthResponse": {"executed_lines": [], "summary": {"covered_lines": 0, "num_statements": 0, "percent_covered": 100.0, "percent_covered_display": "100.00", "missing_lines": 0, "excluded_lines": 0, "num_branches": 0, "num_partial_branches": 0, "covered_branches": 0, "missing_branches": 0}, "missing_lines": [], "excluded_lines": [], "executed_branches": [], "missing_branches": []}, "": {"executed_lines": [1, 3, 4, 5, 7, 8, 10, 13, 14, 15, 16, 17, 18, 19, 22, 25, 26, 89, 90, 114, 115, 128, 176, 188], "summary": {"covered_lines": 22, "num_statements": 90, "percent_covered": 21.153846153846153, "percent_covered_display": "21.15", "missing_lines": 68, "excluded_lines": 0, "num_branches": 14, "num_partial_branches": 0, "covered_branches": 0, "missing_branches": 14}, "missing_lines": [32, 41, 42, 43, 44, 45, 46, 47, 48, 52, 55, 56, 57, 58, 59, 60, 61, 62, 66, 69, 70, 71, 72, 73, 74, 75, 76, 80, 83, 84, 86, 96, 98, 104, 105, 106, 108, 110, 111, 121, 130, 133, 134, 136, 140, 141, 147, 154, 155, 156, 160, 161, 167, 173, 178, 179, 180, 182, 183, 184, 185, 190, 191, 192, 193, 194, 195, 196], "excluded_lines": [], "executed_branches": [], "missing_branches": [[45, 46], [45, 55], [59, 60], [59, 69], [73, 74], [73, 83], [104, 105], [104, 108], [105, 104], [105, 106], [133, 134], [133, 147], [154, 155], [154, 167]]}}}, "src/ai_research_framework/api/routes/research.py": {"executed_lines": [1, 3, 4, 5, 6, 7, 9, 10, 12, 16, 17, 21, 22, 24, 26, 29, 30, 31, 32, 33, 34, 35, 36, 37, 38, 39, 42, 43, 44, 45, 46, 47, 48, 49, 50, 53, 54, 55, 56, 57, 58, 59, 60, 61, 64, 65, 66, 67, 68, 69, 70, 71, 72, 73, 74, 77, 78, 123, 124, 154, 155, 236, 237, 279], "summary": {"covered_lines": 59, "num_statements": 195, "percent_covered": 25.321888412017167, "percent_covered_display": "25.32", "missing_lines": 136, "excluded_lines": 0, "num_branches": 38, "num_partial_branches": 0, "covered_branches": 0, "missing_branches": 38}, "missing_lines": [92, 94, 104, 110, 118, 119, 120, 126, 127, 128, 132, 134, 135, 137, 147, 148, 149, 150, 151, 157, 158, 160, 164, 166, 167, 169, 170, 173, 182, 185, 186, 187, 201, 210, 211, 212, 213, 214, 215, 217, 229, 230, 231, 232, 233, 243, 244, 246, 247, 249, 250, 251, 253, 254, 256, 257, 260, 261, 262, 272, 274, 275, 276, 281, 282, 285, 288, 289, 290, 293, 294, 295, 298, 299, 302, 303, 304, 306, 307, 309, 318, 319, 321, 322, 323, 326, 327, 328, 330, 339, 341, 342, 343, 345, 348, 349, 351, 360, 362, 363, 367, 370, 379, 381, 382, 386, 389, 391, 393, 394, 398, 400, 401, 402, 404, 407, 408, 409, 411, 412, 413, 421, 427, 428, 430, 431, 434, 435, 453, 455, 457, 458, 461, 462, 463, 464], "excluded_lines": [], "executed_branches": [], "missing_branches": [[134, 135], [134, 137], [166, 167], [166, 169], [169, 170], [169, 173], [186, 187], [186, 201], [211, 212], [211, 217], [249, 250], [249, 253], [261, 262], [261, 272], [302, 303], [302, 326], [303, 302], [303, 304], [307, 302], [307, 309], [326, 327], [326, 345], [327, 328], [327, 345], [348, 349], [348, 404], [360, 362], [360, 370], [379, 381], [379, 389], [391, 348], [391, 393], [408, 409], [408, 434], [412, 413], [412, 421], [427, 428], [427, 434]], "functions": {"submit_research_query": {"executed_lines": [], "summary": {"covered_lines": 0, "num_statements": 7, "percent_covered": 0.0, "percent_covered_display": "0.00", "missing_lines": 7, "excluded_lines": 0, "num_branches": 0, "num_partial_branches": 0, "covered_branches": 0, "missing_branches": 0}, "missing_lines": [92, 94, 104, 110, 118, 119, 120], "excluded_lines": [], "executed_branches": [], "missing_branches": []}, "get_research_status": {"executed_lines": [], "summary": {"covered_lines": 0, "num_statements": 12, "percent_covered": 0.0, "percent_covered_display": "0.00", "missing_lines": 12, "excluded_lines": 0, "num_branches": 2, "num_partial_branches": 0, "covered_branches": 0, "missing_branches": 2}, "missing_lines": [126, 127, 128, 132, 134, 135, 137, 147, 148, 149, 150, 151], "excluded_lines": [], "executed_branches": [], "missing_branches": [[134, 135], [134, 137]]}, "get_research_results": {"executed_lines": [], "summary": {"covered_lines": 0, "num_statements": 26, "percent_covered": 0.0, "percent_covered_display": "0.00", "missing_lines": 26, "excluded_lines": 0, "num_branches": 8, "num_partial_branches": 0, "covered_branches": 0, "missing_branches": 8}, "missing_lines": [157, 158, 160, 164, 166, 167, 169, 170, 173, 182, 185, 186, 187, 201, 210, 211, 212, 213, 214, 215, 217, 229, 230, 231, 232, 233], "excluded_lines": [], "executed_branches": [], "missing_branches": [[166, 167], [166, 169], [169, 170], [169, 173], [186, 187], [186, 201], [211, 212], [211, 217]]}, "list_research_queries": {"executed_lines": [], "summary": {"covered_lines": 0, "num_statements": 18, "percent_covered": 0.0, "percent_covered_display": "0.00", "missing_lines": 18, "excluded_lines": 0, "num_branches": 4, "num_partial_branches": 0, "covered_branches": 0, "missing_branches": 4}, "missing_lines": [243, 244, 246, 247, 249, 250, 251, 253, 254, 256, 257, 260, 261, 262, 272, 274, 275, 276], "excluded_lines": [], "executed_branches": [], "missing_branches": [[249, 250], [249, 253], [261, 262], [261, 272]]}, "process_research_query": {"executed_lines": [], "summary": {"covered_lines": 0, "num_statements": 73, "percent_covered": 0.0, "percent_covered_display": "0.00", "missing_lines": 73, "excluded_lines": 0, "num_branches": 24, "num_partial_branches": 0, "covered_branches": 0, "missing_branches": 24}, "missing_lines": [281, 282, 285, 288, 289, 290, 293, 294, 295, 298, 299, 302, 303, 304, 306, 307, 309, 318, 319, 321, 322, 323, 326, 327, 328, 330, 339, 341, 342, 343, 345, 348, 349, 351, 360, 362, 363, 367, 370, 379, 381, 382, 386, 389, 391, 393, 394, 398, 400, 401, 402, 404, 407, 408, 409, 411, 412, 413, 421, 427, 428, 430, 431, 434, 435, 453, 455, 457, 458, 461, 462, 463, 464], "excluded_lines": [], "executed_branches": [], "missing_branches": [[302, 303], [302, 326], [303, 302], [303, 304], [307, 302], [307, 309], [326, 327], [326, 345], [327, 328], [327, 345], [348, 349], [348, 404], [360, 362], [360, 370], [379, 381], [379, 389], [391, 348], [391, 393], [408, 409], [408, 434], [412, 413], [412, 421], [427, 428], [427, 434]]}, "": {"executed_lines": [1, 3, 4, 5, 6, 7, 9, 10, 12, 16, 17, 21, 22, 24, 26, 29, 30, 31, 32, 33, 34, 35, 36, 37, 38, 39, 42, 43, 44, 45, 46, 47, 48, 49, 50, 53, 54, 55, 56, 57, 58, 59, 60, 61, 64, 65, 66, 67, 68, 69, 70, 71, 72, 73, 74, 77, 78, 123, 124, 154, 155, 236, 237, 279], "summary": {"covered_lines": 59, "num_statements": 59, "percent_covered": 100.0, "percent_covered_display": "100.00", "missing_lines": 0, "excluded_lines": 0, "num_branches": 0, "num_partial_branches": 0, "covered_branches": 0, "missing_branches": 0}, "missing_lines": [], "excluded_lines": [], "executed_branches": [], "missing_branches": []}}, "classes": {"ResearchRequest": {"executed_lines": [], "summary": {"covered_lines": 0, "num_statements": 0, "percent_covered": 100.0, "percent_covered_display": "100.00", "missing_lines": 0, "excluded_lines": 0, "num_branches": 0, "num_partial_branches": 0, "covered_branches": 0, "missing_branches": 0}, "missing_lines": [], "excluded_lines": [], "executed_branches": [], "missing_branches": []}, "ResearchResponse": {"executed_lines": [], "summary": {"covered_lines": 0, "num_statements": 0, "percent_covered": 100.0, "percent_covered_display": "100.00", "missing_lines": 0, "excluded_lines": 0, "num_branches": 0, "num_partial_branches": 0, "covered_branches": 0, "missing_branches": 0}, "missing_lines": [], "excluded_lines": [], "executed_branches": [], "missing_branches": []}, "ResearchStatus": {"executed_lines": [], "summary": {"covered_lines": 0, "num_statements": 0, "percent_covered": 100.0, "percent_covered_display": "100.00", "missing_lines": 0, "excluded_lines": 0, "num_branches": 0, "num_partial_branches": 0, "covered_branches": 0, "missing_branches": 0}, "missing_lines": [], "excluded_lines": [], "executed_branches": [], "missing_branches": []}, "ResearchResults": {"executed_lines": [], "summary": {"covered_lines": 0, "num_statements": 0, "percent_covered": 100.0, "percent_covered_display": "100.00", "missing_lines": 0, "excluded_lines": 0, "num_branches": 0, "num_partial_branches": 0, "covered_branches": 0, "missing_branches": 0}, "missing_lines": [], "excluded_lines": [], "executed_branches": [], "missing_branches": []}, "": {"executed_lines": [1, 3, 4, 5, 6, 7, 9, 10, 12, 16, 17, 21, 22, 24, 26, 29, 30, 31, 32, 33, 34, 35, 36, 37, 38, 39, 42, 43, 44, 45, 46, 47, 48, 49, 50, 53, 54, 55, 56, 57, 58, 59, 60, 61, 64, 65, 66, 67, 68, 69, 70, 71, 72, 73, 74, 77, 78, 123, 124, 154, 155, 236, 237, 279], "summary": {"covered_lines": 59, "num_statements": 195, "percent_covered": 25.321888412017167, "percent_covered_display": "25.32", "missing_lines": 136, "excluded_lines": 0, "num_branches": 38, "num_partial_branches": 0, "covered_branches": 0, "missing_branches": 38}, "missing_lines": [92, 94, 104, 110, 118, 119, 120, 126, 127, 128, 132, 134, 135, 137, 147, 148, 149, 150, 151, 157, 158, 160, 164, 166, 167, 169, 170, 173, 182, 185, 186, 187, 201, 210, 211, 212, 213, 214, 215, 217, 229, 230, 231, 232, 233, 243, 244, 246, 247, 249, 250, 251, 253, 254, 256, 257, 260, 261, 262, 272, 274, 275, 276, 281, 282, 285, 288, 289, 290, 293, 294, 295, 298, 299, 302, 303, 304, 306, 307, 309, 318, 319, 321, 322, 323, 326, 327, 328, 330, 339, 341, 342, 343, 345, 348, 349, 351, 360, 362, 363, 367, 370, 379, 381, 382, 386, 389, 391, 393, 394, 398, 400, 401, 402, 404, 407, 408, 409, 411, 412, 413, 421, 427, 428, 430, 431, 434, 435, 453, 455, 457, 458, 461, 462, 463, 464], "excluded_lines": [], "executed_branches": [], "missing_branches": [[134, 135], [134, 137], [166, 167], [166, 169], [169, 170], [169, 173], [186, 187], [186, 201], [211, 212], [211, 217], [249, 250], [249, 253], [261, 262], [261, 272], [302, 303], [302, 326], [303, 302], [303, 304], [307, 302], [307, 309], [326, 327], [326, 345], [327, 328], [327, 345], [348, 349], [348, 404], [360, 362], [360, 370], [379, 381], [379, 389], [391, 348], [391, 393], [408, 409], [408, 434], [412, 413], [412, 421], [427, 428], [427, 434]]}}}, "src/ai_research_framework/api/routes/search.py": {"executed_lines": [1, 3, 5], "summary": {"covered_lines": 2, "num_statements": 2, "percent_covered": 100.0, "percent_covered_display": "100.00", "missing_lines": 0, "excluded_lines": 0, "num_branches": 0, "num_partial_branches": 0, "covered_branches": 0, "missing_branches": 0}, "missing_lines": [], "excluded_lines": [], "executed_branches": [], "missing_branches": [], "functions": {"": {"executed_lines": [1, 3, 5], "summary": {"covered_lines": 2, "num_statements": 2, "percent_covered": 100.0, "percent_covered_display": "100.00", "missing_lines": 0, "excluded_lines": 0, "num_branches": 0, "num_partial_branches": 0, "covered_branches": 0, "missing_branches": 0}, "missing_lines": [], "excluded_lines": [], "executed_branches": [], "missing_branches": []}}, "classes": {"": {"executed_lines": [1, 3, 5], "summary": {"covered_lines": 2, "num_statements": 2, "percent_covered": 100.0, "percent_covered_display": "100.00", "missing_lines": 0, "excluded_lines": 0, "num_branches": 0, "num_partial_branches": 0, "covered_branches": 0, "missing_branches": 0}, "missing_lines": [], "excluded_lines": [], "executed_branches": [], "missing_branches": []}}}, "src/ai_research_framework/collectors/__init__.py": {"executed_lines": [1], "summary": {"covered_lines": 0, "num_statements": 0, "percent_covered": 100.0, "percent_covered_display": "100.00", "missing_lines": 0, "excluded_lines": 0, "num_branches": 0, "num_partial_branches": 0, "covered_branches": 0, "missing_branches": 0}, "missing_lines": [], "excluded_lines": [], "executed_branches": [], "missing_branches": [], "functions": {"": {"executed_lines": [1], "summary": {"covered_lines": 0, "num_statements": 0, "percent_covered": 100.0, "percent_covered_display": "100.00", "missing_lines": 0, "excluded_lines": 0, "num_branches": 0, "num_partial_branches": 0, "covered_branches": 0, "missing_branches": 0}, "missing_lines": [], "excluded_lines": [], "executed_branches": [], "missing_branches": []}}, "classes": {"": {"executed_lines": [1], "summary": {"covered_lines": 0, "num_statements": 0, "percent_covered": 100.0, "percent_covered_display": "100.00", "missing_lines": 0, "excluded_lines": 0, "num_branches": 0, "num_partial_branches": 0, "covered_branches": 0, "missing_branches": 0}, "missing_lines": [], "excluded_lines": [], "executed_branches": [], "missing_branches": []}}}, "src/ai_research_framework/collectors/web_scraper.py": {"executed_lines": [1, 3, 4, 5, 6, 8, 9, 11, 14, 15, 16, 17, 18, 19, 20, 21, 22, 23, 24, 27, 28, 29, 30, 31, 32, 33, 36, 37, 39, 40, 42, 88, 124, 125, 127, 128, 130, 173, 174, 178, 184, 189], "summary": {"covered_lines": 37, "num_statements": 65, "percent_covered": 53.6231884057971, "percent_covered_display": "53.62", "missing_lines": 28, "excluded_lines": 0, "num_branches": 4, "num_partial_branches": 0, "covered_branches": 0, "missing_branches": 4}, "missing_lines": [44, 46, 48, 61, 63, 73, 74, 75, 77, 94, 97, 110, 111, 119, 121, 137, 139, 141, 142, 154, 156, 162, 163, 164, 180, 181, 186, 191], "excluded_lines": [], "executed_branches": [], "missing_branches": [[110, 111], [110, 121], [141, 142], [141, 156]], "functions": {"WebScraper.__init__": {"executed_lines": [40], "summary": {"covered_lines": 1, "num_statements": 1, "percent_covered": 100.0, "percent_covered_display": "100.00", "missing_lines": 0, "excluded_lines": 0, "num_branches": 0, "num_partial_branches": 0, "covered_branches": 0, "missing_branches": 0}, "missing_lines": [], "excluded_lines": [], "executed_branches": [], "missing_branches": []}, "WebScraper.scrape_url": {"executed_lines": [], "summary": {"covered_lines": 0, "num_statements": 9, "percent_covered": 0.0, "percent_covered_display": "0.00", "missing_lines": 9, "excluded_lines": 0, "num_branches": 0, "num_partial_branches": 0, "covered_branches": 0, "missing_branches": 0}, "missing_lines": [44, 46, 48, 61, 63, 73, 74, 75, 77], "excluded_lines": [], "executed_branches": [], "missing_branches": []}, "WebScraper.search_academic_sources": {"executed_lines": [], "summary": {"covered_lines": 0, "num_statements": 6, "percent_covered": 0.0, "percent_covered_display": "0.00", "missing_lines": 6, "excluded_lines": 0, "num_branches": 2, "num_partial_branches": 0, "covered_branches": 0, "missing_branches": 2}, "missing_lines": [94, 97, 110, 111, 119, 121], "excluded_lines": [], "executed_branches": [], "missing_branches": [[110, 111], [110, 121]]}, "InternetArchiveCollector.__init__": {"executed_lines": [128], "summary": {"covered_lines": 1, "num_statements": 1, "percent_covered": 100.0, "percent_covered_display": "100.00", "missing_lines": 0, "excluded_lines": 0, "num_branches": 0, "num_partial_branches": 0, "covered_branches": 0, "missing_branches": 0}, "missing_lines": [], "excluded_lines": [], "executed_branches": [], "missing_branches": []}, "InternetArchiveCollector.search_documents": {"executed_lines": [], "summary": {"covered_lines": 0, "num_statements": 9, "percent_covered": 0.0, "percent_covered_display": "0.00", "missing_lines": 9, "excluded_lines": 0, "num_branches": 2, "num_partial_branches": 0, "covered_branches": 0, "missing_branches": 2}, "missing_lines": [137, 139, 141, 142, 154, 156, 162, 163, 164], "excluded_lines": [], "executed_branches": [], "missing_branches": [[141, 142], [141, 156]]}, "scrape_historical_sources": {"executed_lines": [], "summary": {"covered_lines": 0, "num_statements": 2, "percent_covered": 0.0, "percent_covered_display": "0.00", "missing_lines": 2, "excluded_lines": 0, "num_branches": 0, "num_partial_branches": 0, "covered_branches": 0, "missing_branches": 0}, "missing_lines": [180, 181], "excluded_lines": [], "executed_branches": [], "missing_branches": []}, "search_academic_content": {"executed_lines": [], "summary": {"covered_lines": 0, "num_statements": 1, "percent_covered": 0.0, "percent_covered_display": "0.00", "missing_lines": 1, "excluded_lines": 0, "num_branches": 0, "num_partial_branches": 0, "covered_branches": 0, "missing_branches": 0}, "missing_lines": [186], "excluded_lines": [], "executed_branches": [], "missing_branches": []}, "search_internet_archive": {"executed_lines": [], "summary": {"covered_lines": 0, "num_statements": 1, "percent_covered": 0.0, "percent_covered_display": "0.00", "missing_lines": 1, "excluded_lines": 0, "num_branches": 0, "num_partial_branches": 0, "covered_branches": 0, "missing_branches": 0}, "missing_lines": [191], "excluded_lines": [], "executed_branches": [], "missing_branches": []}, "": {"executed_lines": [1, 3, 4, 5, 6, 8, 9, 11, 14, 15, 16, 17, 18, 19, 20, 21, 22, 23, 24, 27, 28, 29, 30, 31, 32, 33, 36, 37, 39, 42, 88, 124, 125, 127, 130, 173, 174, 178, 184, 189], "summary": {"covered_lines": 35, "num_statements": 35, "percent_covered": 100.0, "percent_covered_display": "100.00", "missing_lines": 0, "excluded_lines": 0, "num_branches": 0, "num_partial_branches": 0, "covered_branches": 0, "missing_branches": 0}, "missing_lines": [], "excluded_lines": [], "executed_branches": [], "missing_branches": []}}, "classes": {"ScrapingResult": {"executed_lines": [], "summary": {"covered_lines": 0, "num_statements": 0, "percent_covered": 100.0, "percent_covered_display": "100.00", "missing_lines": 0, "excluded_lines": 0, "num_branches": 0, "num_partial_branches": 0, "covered_branches": 0, "missing_branches": 0}, "missing_lines": [], "excluded_lines": [], "executed_branches": [], "missing_branches": []}, "ArchiveResult": {"executed_lines": [], "summary": {"covered_lines": 0, "num_statements": 0, "percent_covered": 100.0, "percent_covered_display": "100.00", "missing_lines": 0, "excluded_lines": 0, "num_branches": 0, "num_partial_branches": 0, "covered_branches": 0, "missing_branches": 0}, "missing_lines": [], "excluded_lines": [], "executed_branches": [], "missing_branches": []}, "WebScraper": {"executed_lines": [40], "summary": {"covered_lines": 1, "num_statements": 16, "percent_covered": 5.555555555555555, "percent_covered_display": "5.56", "missing_lines": 15, "excluded_lines": 0, "num_branches": 2, "num_partial_branches": 0, "covered_branches": 0, "missing_branches": 2}, "missing_lines": [44, 46, 48, 61, 63, 73, 74, 75, 77, 94, 97, 110, 111, 119, 121], "excluded_lines": [], "executed_branches": [], "missing_branches": [[110, 111], [110, 121]]}, "InternetArchiveCollector": {"executed_lines": [128], "summary": {"covered_lines": 1, "num_statements": 10, "percent_covered": 8.333333333333334, "percent_covered_display": "8.33", "missing_lines": 9, "excluded_lines": 0, "num_branches": 2, "num_partial_branches": 0, "covered_branches": 0, "missing_branches": 2}, "missing_lines": [137, 139, 141, 142, 154, 156, 162, 163, 164], "excluded_lines": [], "executed_branches": [], "missing_branches": [[141, 142], [141, 156]]}, "": {"executed_lines": [1, 3, 4, 5, 6, 8, 9, 11, 14, 15, 16, 17, 18, 19, 20, 21, 22, 23, 24, 27, 28, 29, 30, 31, 32, 33, 36, 37, 39, 42, 88, 124, 125, 127, 130, 173, 174, 178, 184, 189], "summary": {"covered_lines": 35, "num_statements": 39, "percent_covered": 89.74358974358974, "percent_covered_display": "89.74", "missing_lines": 4, "excluded_lines": 0, "num_branches": 0, "num_partial_branches": 0, "covered_branches": 0, "missing_branches": 0}, "missing_lines": [180, 181, 186, 191], "excluded_lines": [], "executed_branches": [], "missing_branches": []}}}, "src/ai_research_framework/config.py": {"executed_lines": [1, 3, 4, 5, 6, 9, 10, 12, 20, 21, 22, 23, 26, 27, 28, 31, 35, 36, 39, 40, 41, 44, 45, 46, 49, 50, 51, 54, 55, 56, 62, 63, 67, 70, 71, 72, 73, 79, 80, 83, 84, 85, 88, 92, 93, 97, 100, 101, 102, 105, 106, 109, 110, 111, 114, 115, 116, 119, 120, 125, 126, 128, 130, 131, 135, 136, 142, 146, 148, 149, 150, 154, 157], "summary": {"covered_lines": 71, "num_statements": 76, "percent_covered": 91.25, "percent_covered_display": "91.25", "missing_lines": 5, "excluded_lines": 0, "num_branches": 4, "num_partial_branches": 0, "covered_branches": 2, "missing_branches": 2}, "missing_lines": [133, 138, 139, 140, 144], "excluded_lines": [], "executed_branches": [[149, -146], [149, 150]], "missing_branches": [[138, 139], [138, 140]], "functions": {"Settings.is_development": {"executed_lines": [128], "summary": {"covered_lines": 1, "num_statements": 1, "percent_covered": 100.0, "percent_covered_display": "100.00", "missing_lines": 0, "excluded_lines": 0, "num_branches": 0, "num_partial_branches": 0, "covered_branches": 0, "missing_branches": 0}, "missing_lines": [], "excluded_lines": [], "executed_branches": [], "missing_branches": []}, "Settings.is_production": {"executed_lines": [], "summary": {"covered_lines": 0, "num_statements": 1, "percent_covered": 0.0, "percent_covered_display": "0.00", "missing_lines": 1, "excluded_lines": 0, "num_branches": 0, "num_partial_branches": 0, "covered_branches": 0, "missing_branches": 0}, "missing_lines": [133], "excluded_lines": [], "executed_branches": [], "missing_branches": []}, "Settings.database_url_sync": {"executed_lines": [], "summary": {"covered_lines": 0, "num_statements": 3, "percent_covered": 0.0, "percent_covered_display": "0.00", "missing_lines": 3, "excluded_lines": 0, "num_branches": 2, "num_partial_branches": 0, "covered_branches": 0, "missing_branches": 2}, "missing_lines": [138, 139, 140], "excluded_lines": [], "executed_branches": [], "missing_branches": [[138, 139], [138, 140]]}, "Settings.get_chromadb_url": {"executed_lines": [], "summary": {"covered_lines": 0, "num_statements": 1, "percent_covered": 0.0, "percent_covered_display": "0.00", "missing_lines": 1, "excluded_lines": 0, "num_branches": 0, "num_partial_branches": 0, "covered_branches": 0, "missing_branches": 0}, "missing_lines": [144], "excluded_lines": [], "executed_branches": [], "missing_branches": []}, "Settings.create_directories": {"executed_lines": [148, 149, 150], "summary": {"covered_lines": 3, "num_statements": 3, "percent_covered": 100.0, "percent_covered_display": "100.00", "missing_lines": 0, "excluded_lines": 0, "num_branches": 2, "num_partial_branches": 0, "covered_branches": 2, "missing_branches": 0}, "missing_lines": [], "excluded_lines": [], "executed_branches": [[149, -146], [149, 150]], "missing_branches": []}, "": {"executed_lines": [1, 3, 4, 5, 6, 9, 10, 12, 20, 21, 22, 23, 26, 27, 28, 31, 35, 36, 39, 40, 41, 44, 45, 46, 49, 50, 51, 54, 55, 56, 62, 63, 67, 70, 71, 72, 73, 79, 80, 83, 84, 85, 88, 92, 93, 97, 100, 101, 102, 105, 106, 109, 110, 111, 114, 115, 116, 119, 120, 125, 126, 130, 131, 135, 136, 142, 146, 154, 157], "summary": {"covered_lines": 67, "num_statements": 67, "percent_covered": 100.0, "percent_covered_display": "100.00", "missing_lines": 0, "excluded_lines": 0, "num_branches": 0, "num_partial_branches": 0, "covered_branches": 0, "missing_branches": 0}, "missing_lines": [], "excluded_lines": [], "executed_branches": [], "missing_branches": []}}, "classes": {"Settings": {"executed_lines": [128, 148, 149, 150], "summary": {"covered_lines": 4, "num_statements": 9, "percent_covered": 46.15384615384615, "percent_covered_display": "46.15", "missing_lines": 5, "excluded_lines": 0, "num_branches": 4, "num_partial_branches": 0, "covered_branches": 2, "missing_branches": 2}, "missing_lines": [133, 138, 139, 140, 144], "excluded_lines": [], "executed_branches": [[149, -146], [149, 150]], "missing_branches": [[138, 139], [138, 140]]}, "": {"executed_lines": [1, 3, 4, 5, 6, 9, 10, 12, 20, 21, 22, 23, 26, 27, 28, 31, 35, 36, 39, 40, 41, 44, 45, 46, 49, 50, 51, 54, 55, 56, 62, 63, 67, 70, 71, 72, 73, 79, 80, 83, 84, 85, 88, 92, 93, 97, 100, 101, 102, 105, 106, 109, 110, 111, 114, 115, 116, 119, 120, 125, 126, 130, 131, 135, 136, 142, 146, 154, 157], "summary": {"covered_lines": 67, "num_statements": 67, "percent_covered": 100.0, "percent_covered_display": "100.00", "missing_lines": 0, "excluded_lines": 0, "num_branches": 0, "num_partial_branches": 0, "covered_branches": 0, "missing_branches": 0}, "missing_lines": [], "excluded_lines": [], "executed_branches": [], "missing_branches": []}}}, "src/ai_research_framework/processors/__init__.py": {"executed_lines": [1], "summary": {"covered_lines": 0, "num_statements": 0, "percent_covered": 100.0, "percent_covered_display": "100.00", "missing_lines": 0, "excluded_lines": 0, "num_branches": 0, "num_partial_branches": 0, "covered_branches": 0, "missing_branches": 0}, "missing_lines": [], "excluded_lines": [], "executed_branches": [], "missing_branches": [], "functions": {"": {"executed_lines": [1], "summary": {"covered_lines": 0, "num_statements": 0, "percent_covered": 100.0, "percent_covered_display": "100.00", "missing_lines": 0, "excluded_lines": 0, "num_branches": 0, "num_partial_branches": 0, "covered_branches": 0, "missing_branches": 0}, "missing_lines": [], "excluded_lines": [], "executed_branches": [], "missing_branches": []}}, "classes": {"": {"executed_lines": [1], "summary": {"covered_lines": 0, "num_statements": 0, "percent_covered": 100.0, "percent_covered_display": "100.00", "missing_lines": 0, "excluded_lines": 0, "num_branches": 0, "num_partial_branches": 0, "covered_branches": 0, "missing_branches": 0}, "missing_lines": [], "excluded_lines": [], "executed_branches": [], "missing_branches": []}}}, "src/ai_research_framework/processors/document_processor.py": {"executed_lines": [1, 3, 4, 5, 6, 7, 8, 9, 10, 11, 12, 14, 15, 16, 19, 20, 21, 22, 23, 24, 25, 26, 27, 28, 29, 30, 33, 34, 35, 36, 37, 38, 39, 42, 43, 44, 45, 46, 47, 48, 49, 50, 51, 52, 53, 54, 55, 56, 57, 58, 61, 62, 64, 65, 83, 84, 86, 92, 101, 129, 159, 199, 242, 295, 312, 409, 461, 500, 504, 511, 515, 520, 525, 530, 535], "summary": {"covered_lines": 70, "num_statements": 241, "percent_covered": 24.22145328719723, "percent_covered_display": "24.22", "missing_lines": 171, "excluded_lines": 0, "num_branches": 48, "num_partial_branches": 0, "covered_branches": 0, "missing_branches": 48}, "missing_lines": [88, 89, 90, 94, 95, 96, 97, 98, 99, 103, 104, 107, 108, 111, 112, 113, 114, 115, 116, 117, 118, 119, 120, 121, 122, 123, 124, 125, 127, 131, 133, 134, 135, 137, 138, 139, 140, 141, 142, 143, 144, 146, 147, 149, 156, 157, 161, 163, 164, 166, 167, 168, 170, 171, 172, 173, 174, 176, 184, 185, 188, 196, 197, 201, 202, 203, 205, 206, 209, 210, 213, 214, 215, 216, 217, 219, 228, 229, 232, 239, 240, 244, 245, 246, 248, 249, 251, 254, 255, 258, 261, 262, 263, 265, 273, 274, 277, 278, 281, 282, 283, 285, 292, 293, 297, 300, 309, 310, 321, 322, 324, 325, 327, 328, 331, 332, 335, 336, 338, 341, 343, 344, 345, 346, 347, 348, 349, 350, 351, 352, 355, 362, 365, 376, 378, 394, 395, 396, 398, 417, 418, 420, 421, 423, 427, 430, 432, 446, 447, 448, 450, 468, 471, 476, 479, 480, 481, 482, 483, 493, 495, 496, 498, 502, 506, 507, 517, 522, 527, 532, 537], "excluded_lines": [], "executed_branches": [], "missing_branches": [[107, 108], [107, 111], [113, 114], [113, 127], [114, 115], [114, 116], [116, 117], [116, 118], [118, 119], [118, 120], [120, 121], [120, 122], [122, 123], [122, 127], [137, 138], [137, 146], [146, 147], [146, 149], [170, 171], [170, 176], [209, 210], [209, 213], [213, 214], [213, 219], [214, 215], [214, 217], [215, 214], [215, 216], [254, 255], [254, 258], [327, 328], [327, 331], [335, 336], [335, 338], [343, 344], [343, 345], [345, 346], [345, 347], [347, 348], [347, 349], [349, 350], [349, 351], [351, 352], [351, 355], [480, 481], [480, 495], [481, 482], [481, 493]], "functions": {"DocumentProcessor.__init__": {"executed_lines": [65, 83, 84], "summary": {"covered_lines": 3, "num_statements": 3, "percent_covered": 100.0, "percent_covered_display": "100.00", "missing_lines": 0, "excluded_lines": 0, "num_branches": 0, "num_partial_branches": 0, "covered_branches": 0, "missing_branches": 0}, "missing_lines": [], "excluded_lines": [], "executed_branches": [], "missing_branches": []}, "DocumentProcessor._generate_document_id": {"executed_lines": [], "summary": {"covered_lines": 0, "num_statements": 3, "percent_covered": 0.0, "percent_covered_display": "0.00", "missing_lines": 3, "excluded_lines": 0, "num_branches": 0, "num_partial_branches": 0, "covered_branches": 0, "missing_branches": 0}, "missing_lines": [88, 89, 90], "excluded_lines": [], "executed_branches": [], "missing_branches": []}, "DocumentProcessor._calculate_checksum": {"executed_lines": [], "summary": {"covered_lines": 0, "num_statements": 6, "percent_covered": 0.0, "percent_covered_display": "0.00", "missing_lines": 6, "excluded_lines": 0, "num_branches": 0, "num_partial_branches": 0, "covered_branches": 0, "missing_branches": 0}, "missing_lines": [94, 95, 96, 97, 98, 99], "excluded_lines": [], "executed_branches": [], "missing_branches": []}, "DocumentProcessor._detect_document_type": {"executed_lines": [], "summary": {"covered_lines": 0, "num_statements": 20, "percent_covered": 0.0, "percent_covered_display": "0.00", "missing_lines": 20, "excluded_lines": 0, "num_branches": 14, "num_partial_branches": 0, "covered_branches": 0, "missing_branches": 14}, "missing_lines": [103, 104, 107, 108, 111, 112, 113, 114, 115, 116, 117, 118, 119, 120, 121, 122, 123, 124, 125, 127], "excluded_lines": [], "executed_branches": [], "missing_branches": [[107, 108], [107, 111], [113, 114], [113, 127], [114, 115], [114, 116], [116, 117], [116, 118], [118, 119], [118, 120], [120, 121], [120, 122], [122, 123], [122, 127]]}, "DocumentProcessor._process_text_file": {"executed_lines": [], "summary": {"covered_lines": 0, "num_statements": 17, "percent_covered": 0.0, "percent_covered_display": "0.00", "missing_lines": 17, "excluded_lines": 0, "num_branches": 4, "num_partial_branches": 0, "covered_branches": 0, "missing_branches": 4}, "missing_lines": [131, 133, 134, 135, 137, 138, 139, 140, 141, 142, 143, 144, 146, 147, 149, 156, 157], "excluded_lines": [], "executed_branches": [], "missing_branches": [[137, 138], [137, 146], [146, 147], [146, 149]]}, "DocumentProcessor._process_pdf_file": {"executed_lines": [], "summary": {"covered_lines": 0, "num_statements": 17, "percent_covered": 0.0, "percent_covered_display": "0.00", "missing_lines": 17, "excluded_lines": 0, "num_branches": 2, "num_partial_branches": 0, "covered_branches": 0, "missing_branches": 2}, "missing_lines": [161, 163, 164, 166, 167, 168, 170, 171, 172, 173, 174, 176, 184, 185, 188, 196, 197], "excluded_lines": [], "executed_branches": [], "missing_branches": [[170, 171], [170, 176]]}, "DocumentProcessor._process_docx_file": {"executed_lines": [], "summary": {"covered_lines": 0, "num_statements": 18, "percent_covered": 0.0, "percent_covered_display": "0.00", "missing_lines": 18, "excluded_lines": 0, "num_branches": 8, "num_partial_branches": 0, "covered_branches": 0, "missing_branches": 8}, "missing_lines": [201, 202, 203, 205, 206, 209, 210, 213, 214, 215, 216, 217, 219, 228, 229, 232, 239, 240], "excluded_lines": [], "executed_branches": [], "missing_branches": [[209, 210], [209, 213], [213, 214], [213, 219], [214, 215], [214, 217], [215, 214], [215, 216]]}, "DocumentProcessor._process_html_file": {"executed_lines": [], "summary": {"covered_lines": 0, "num_statements": 23, "percent_covered": 0.0, "percent_covered_display": "0.00", "missing_lines": 23, "excluded_lines": 0, "num_branches": 2, "num_partial_branches": 0, "covered_branches": 0, "missing_branches": 2}, "missing_lines": [244, 245, 246, 248, 249, 251, 254, 255, 258, 261, 262, 263, 265, 273, 274, 277, 278, 281, 282, 283, 285, 292, 293], "excluded_lines": [], "executed_branches": [], "missing_branches": [[254, 255], [254, 258]]}, "DocumentProcessor._process_image_file": {"executed_lines": [], "summary": {"covered_lines": 0, "num_statements": 4, "percent_covered": 0.0, "percent_covered_display": "0.00", "missing_lines": 4, "excluded_lines": 0, "num_branches": 0, "num_partial_branches": 0, "covered_branches": 0, "missing_branches": 0}, "missing_lines": [297, 300, 309, 310], "excluded_lines": [], "executed_branches": [], "missing_branches": []}, "DocumentProcessor.process_document": {"executed_lines": [], "summary": {"covered_lines": 0, "num_statements": 31, "percent_covered": 0.0, "percent_covered_display": "0.00", "missing_lines": 31, "excluded_lines": 0, "num_branches": 14, "num_partial_branches": 0, "covered_branches": 0, "missing_branches": 14}, "missing_lines": [321, 322, 324, 325, 327, 328, 331, 332, 335, 336, 338, 341, 343, 344, 345, 346, 347, 348, 349, 350, 351, 352, 355, 362, 365, 376, 378, 394, 395, 396, 398], "excluded_lines": [], "executed_branches": [], "missing_branches": [[327, 328], [327, 331], [335, 336], [335, 338], [343, 344], [343, 345], [345, 346], [345, 347], [347, 348], [347, 349], [349, 350], [349, 351], [351, 352], [351, 355]]}, "DocumentProcessor.process_url": {"executed_lines": [], "summary": {"covered_lines": 0, "num_statements": 12, "percent_covered": 0.0, "percent_covered_display": "0.00", "missing_lines": 12, "excluded_lines": 0, "num_branches": 0, "num_partial_branches": 0, "covered_branches": 0, "missing_branches": 0}, "missing_lines": [417, 418, 420, 421, 423, 427, 430, 432, 446, 447, 448, 450], "excluded_lines": [], "executed_branches": [], "missing_branches": []}, "DocumentProcessor.batch_process_documents": {"executed_lines": [], "summary": {"covered_lines": 0, "num_statements": 12, "percent_covered": 0.0, "percent_covered_display": "0.00", "missing_lines": 12, "excluded_lines": 0, "num_branches": 4, "num_partial_branches": 0, "covered_branches": 0, "missing_branches": 4}, "missing_lines": [468, 471, 476, 479, 480, 481, 482, 483, 493, 495, 496, 498], "excluded_lines": [], "executed_branches": [], "missing_branches": [[480, 481], [480, 495], [481, 482], [481, 493]]}, "DocumentProcessor.get_supported_formats": {"executed_lines": [], "summary": {"covered_lines": 0, "num_statements": 1, "percent_covered": 0.0, "percent_covered_display": "0.00", "missing_lines": 1, "excluded_lines": 0, "num_branches": 0, "num_partial_branches": 0, "covered_branches": 0, "missing_branches": 0}, "missing_lines": [502], "excluded_lines": [], "executed_branches": [], "missing_branches": []}, "DocumentProcessor.is_supported_format": {"executed_lines": [], "summary": {"covered_lines": 0, "num_statements": 2, "percent_covered": 0.0, "percent_covered_display": "0.00", "missing_lines": 2, "excluded_lines": 0, "num_branches": 0, "num_partial_branches": 0, "covered_branches": 0, "missing_branches": 0}, "missing_lines": [506, 507], "excluded_lines": [], "executed_branches": [], "missing_branches": []}, "process_document_file": {"executed_lines": [], "summary": {"covered_lines": 0, "num_statements": 1, "percent_covered": 0.0, "percent_covered_display": "0.00", "missing_lines": 1, "excluded_lines": 0, "num_branches": 0, "num_partial_branches": 0, "covered_branches": 0, "missing_branches": 0}, "missing_lines": [517], "excluded_lines": [], "executed_branches": [], "missing_branches": []}, "process_document_url": {"executed_lines": [], "summary": {"covered_lines": 0, "num_statements": 1, "percent_covered": 0.0, "percent_covered_display": "0.00", "missing_lines": 1, "excluded_lines": 0, "num_branches": 0, "num_partial_branches": 0, "covered_branches": 0, "missing_branches": 0}, "missing_lines": [522], "excluded_lines": [], "executed_branches": [], "missing_branches": []}, "batch_process_files": {"executed_lines": [], "summary": {"covered_lines": 0, "num_statements": 1, "percent_covered": 0.0, "percent_covered_display": "0.00", "missing_lines": 1, "excluded_lines": 0, "num_branches": 0, "num_partial_branches": 0, "covered_branches": 0, "missing_branches": 0}, "missing_lines": [527], "excluded_lines": [], "executed_branches": [], "missing_branches": []}, "get_supported_document_formats": {"executed_lines": [], "summary": {"covered_lines": 0, "num_statements": 1, "percent_covered": 0.0, "percent_covered_display": "0.00", "missing_lines": 1, "excluded_lines": 0, "num_branches": 0, "num_partial_branches": 0, "covered_branches": 0, "missing_branches": 0}, "missing_lines": [532], "excluded_lines": [], "executed_branches": [], "missing_branches": []}, "is_document_supported": {"executed_lines": [], "summary": {"covered_lines": 0, "num_statements": 1, "percent_covered": 0.0, "percent_covered_display": "0.00", "missing_lines": 1, "excluded_lines": 0, "num_branches": 0, "num_partial_branches": 0, "covered_branches": 0, "missing_branches": 0}, "missing_lines": [537], "excluded_lines": [], "executed_branches": [], "missing_branches": []}, "": {"executed_lines": [1, 3, 4, 5, 6, 7, 8, 9, 10, 11, 12, 14, 15, 16, 19, 20, 21, 22, 23, 24, 25, 26, 27, 28, 29, 30, 33, 34, 35, 36, 37, 38, 39, 42, 43, 44, 45, 46, 47, 48, 49, 50, 51, 52, 53, 54, 55, 56, 57, 58, 61, 62, 64, 86, 92, 101, 129, 159, 199, 242, 295, 312, 409, 461, 500, 504, 511, 515, 520, 525, 530, 535], "summary": {"covered_lines": 67, "num_statements": 67, "percent_covered": 100.0, "percent_covered_display": "100.00", "missing_lines": 0, "excluded_lines": 0, "num_branches": 0, "num_partial_branches": 0, "covered_branches": 0, "missing_branches": 0}, "missing_lines": [], "excluded_lines": [], "executed_branches": [], "missing_branches": []}}, "classes": {"DocumentType": {"executed_lines": [], "summary": {"covered_lines": 0, "num_statements": 0, "percent_covered": 100.0, "percent_covered_display": "100.00", "missing_lines": 0, "excluded_lines": 0, "num_branches": 0, "num_partial_branches": 0, "covered_branches": 0, "missing_branches": 0}, "missing_lines": [], "excluded_lines": [], "executed_branches": [], "missing_branches": []}, "ProcessingStatus": {"executed_lines": [], "summary": {"covered_lines": 0, "num_statements": 0, "percent_covered": 100.0, "percent_covered_display": "100.00", "missing_lines": 0, "excluded_lines": 0, "num_branches": 0, "num_partial_branches": 0, "covered_branches": 0, "missing_branches": 0}, "missing_lines": [], "excluded_lines": [], "executed_branches": [], "missing_branches": []}, "ProcessingResult": {"executed_lines": [], "summary": {"covered_lines": 0, "num_statements": 0, "percent_covered": 100.0, "percent_covered_display": "100.00", "missing_lines": 0, "excluded_lines": 0, "num_branches": 0, "num_partial_branches": 0, "covered_branches": 0, "missing_branches": 0}, "missing_lines": [], "excluded_lines": [], "executed_branches": [], "missing_branches": []}, "DocumentProcessor": {"executed_lines": [65, 83, 84], "summary": {"covered_lines": 3, "num_statements": 169, "percent_covered": 1.3824884792626728, "percent_covered_display": "1.38", "missing_lines": 166, "excluded_lines": 0, "num_branches": 48, "num_partial_branches": 0, "covered_branches": 0, "missing_branches": 48}, "missing_lines": [88, 89, 90, 94, 95, 96, 97, 98, 99, 103, 104, 107, 108, 111, 112, 113, 114, 115, 116, 117, 118, 119, 120, 121, 122, 123, 124, 125, 127, 131, 133, 134, 135, 137, 138, 139, 140, 141, 142, 143, 144, 146, 147, 149, 156, 157, 161, 163, 164, 166, 167, 168, 170, 171, 172, 173, 174, 176, 184, 185, 188, 196, 197, 201, 202, 203, 205, 206, 209, 210, 213, 214, 215, 216, 217, 219, 228, 229, 232, 239, 240, 244, 245, 246, 248, 249, 251, 254, 255, 258, 261, 262, 263, 265, 273, 274, 277, 278, 281, 282, 283, 285, 292, 293, 297, 300, 309, 310, 321, 322, 324, 325, 327, 328, 331, 332, 335, 336, 338, 341, 343, 344, 345, 346, 347, 348, 349, 350, 351, 352, 355, 362, 365, 376, 378, 394, 395, 396, 398, 417, 418, 420, 421, 423, 427, 430, 432, 446, 447, 448, 450, 468, 471, 476, 479, 480, 481, 482, 483, 493, 495, 496, 498, 502, 506, 507], "excluded_lines": [], "executed_branches": [], "missing_branches": [[107, 108], [107, 111], [113, 114], [113, 127], [114, 115], [114, 116], [116, 117], [116, 118], [118, 119], [118, 120], [120, 121], [120, 122], [122, 123], [122, 127], [137, 138], [137, 146], [146, 147], [146, 149], [170, 171], [170, 176], [209, 210], [209, 213], [213, 214], [213, 219], [214, 215], [214, 217], [215, 214], [215, 216], [254, 255], [254, 258], [327, 328], [327, 331], [335, 336], [335, 338], [343, 344], [343, 345], [345, 346], [345, 347], [347, 348], [347, 349], [349, 350], [349, 351], [351, 352], [351, 355], [480, 481], [480, 495], [481, 482], [481, 493]]}, "": {"executed_lines": [1, 3, 4, 5, 6, 7, 8, 9, 10, 11, 12, 14, 15, 16, 19, 20, 21, 22, 23, 24, 25, 26, 27, 28, 29, 30, 33, 34, 35, 36, 37, 38, 39, 42, 43, 44, 45, 46, 47, 48, 49, 50, 51, 52, 53, 54, 55, 56, 57, 58, 61, 62, 64, 86, 92, 101, 129, 159, 199, 242, 295, 312, 409, 461, 500, 504, 511, 515, 520, 525, 530, 535], "summary": {"covered_lines": 67, "num_statements": 72, "percent_covered": 93.05555555555556, "percent_covered_display": "93.06", "missing_lines": 5, "excluded_lines": 0, "num_branches": 0, "num_partial_branches": 0, "covered_branches": 0, "missing_branches": 0}, "missing_lines": [517, 522, 527, 532, 537], "excluded_lines": [], "executed_branches": [], "missing_branches": []}}}, "src/ai_research_framework/storage/__init__.py": {"executed_lines": [1], "summary": {"covered_lines": 0, "num_statements": 0, "percent_covered": 100.0, "percent_covered_display": "100.00", "missing_lines": 0, "excluded_lines": 0, "num_branches": 0, "num_partial_branches": 0, "covered_branches": 0, "missing_branches": 0}, "missing_lines": [], "excluded_lines": [], "executed_branches": [], "missing_branches": [], "functions": {"": {"executed_lines": [1], "summary": {"covered_lines": 0, "num_statements": 0, "percent_covered": 100.0, "percent_covered_display": "100.00", "missing_lines": 0, "excluded_lines": 0, "num_branches": 0, "num_partial_branches": 0, "covered_branches": 0, "missing_branches": 0}, "missing_lines": [], "excluded_lines": [], "executed_branches": [], "missing_branches": []}}, "classes": {"": {"executed_lines": [1], "summary": {"covered_lines": 0, "num_statements": 0, "percent_covered": 100.0, "percent_covered_display": "100.00", "missing_lines": 0, "excluded_lines": 0, "num_branches": 0, "num_partial_branches": 0, "covered_branches": 0, "missing_branches": 0}, "missing_lines": [], "excluded_lines": [], "executed_branches": [], "missing_branches": []}}}, "src/ai_research_framework/storage/cache.py": {"executed_lines": [], "summary": {"covered_lines": 0, "num_statements": 82, "percent_covered": 0.0, "percent_covered_display": "0.00", "missing_lines": 82, "excluded_lines": 0, "num_branches": 18, "num_partial_branches": 0, "covered_branches": 0, "missing_branches": 18}, "missing_lines": [3, 4, 5, 6, 7, 9, 10, 12, 13, 15, 18, 21, 25, 27, 28, 38, 39, 42, 43, 45, 46, 47, 50, 54, 55, 56, 57, 58, 59, 61, 64, 67, 68, 69, 71, 73, 74, 75, 76, 77, 80, 81, 82, 84, 86, 93, 94, 96, 97, 98, 99, 102, 103, 105, 106, 107, 109, 111, 112, 113, 114, 117, 118, 119, 120, 122, 123, 124, 128, 131, 133, 134, 135, 138, 140, 141, 142, 143, 145, 155, 162, 163], "excluded_lines": [], "executed_branches": [], "missing_branches": [[27, 28], [27, 42], [54, -50], [54, 55], [74, 75], [74, 80], [76, 77], [76, 84], [96, 97], [96, 102], [112, 113], [112, 117], [117, 118], [117, 120], [133, 134], [133, 135], [141, 142], [141, 155]], "functions": {"init_cache": {"executed_lines": [], "summary": {"covered_lines": 0, "num_statements": 10, "percent_covered": 0.0, "percent_covered_display": "0.00", "missing_lines": 10, "excluded_lines": 0, "num_branches": 2, "num_partial_branches": 0, "covered_branches": 0, "missing_branches": 2}, "missing_lines": [25, 27, 28, 38, 39, 42, 43, 45, 46, 47], "excluded_lines": [], "executed_branches": [], "missing_branches": [[27, 28], [27, 42]]}, "close_cache": {"executed_lines": [], "summary": {"covered_lines": 0, "num_statements": 7, "percent_covered": 0.0, "percent_covered_display": "0.00", "missing_lines": 7, "excluded_lines": 0, "num_branches": 2, "num_partial_branches": 0, "covered_branches": 0, "missing_branches": 2}, "missing_lines": [54, 55, 56, 57, 58, 59, 61], "excluded_lines": [], "executed_branches": [], "missing_branches": [[54, -50], [54, 55]]}, "CacheManager.__init__": {"executed_lines": [], "summary": {"covered_lines": 0, "num_statements": 2, "percent_covered": 0.0, "percent_covered_display": "0.00", "missing_lines": 2, "excluded_lines": 0, "num_branches": 0, "num_partial_branches": 0, "covered_branches": 0, "missing_branches": 0}, "missing_lines": [68, 69], "excluded_lines": [], "executed_branches": [], "missing_branches": []}, "CacheManager.get": {"executed_lines": [], "summary": {"covered_lines": 0, "num_statements": 9, "percent_covered": 0.0, "percent_covered_display": "0.00", "missing_lines": 9, "excluded_lines": 0, "num_branches": 4, "num_partial_branches": 0, "covered_branches": 0, "missing_branches": 4}, "missing_lines": [73, 74, 75, 76, 77, 80, 81, 82, 84], "excluded_lines": [], "executed_branches": [], "missing_branches": [[74, 75], [74, 80], [76, 77], [76, 84]]}, "CacheManager.set": {"executed_lines": [], "summary": {"covered_lines": 0, "num_statements": 11, "percent_covered": 0.0, "percent_covered_display": "0.00", "missing_lines": 11, "excluded_lines": 0, "num_branches": 2, "num_partial_branches": 0, "covered_branches": 0, "missing_branches": 2}, "missing_lines": [93, 94, 96, 97, 98, 99, 102, 103, 105, 106, 107], "excluded_lines": [], "executed_branches": [], "missing_branches": [[96, 97], [96, 102]]}, "CacheManager.delete": {"executed_lines": [], "summary": {"covered_lines": 0, "num_statements": 11, "percent_covered": 0.0, "percent_covered_display": "0.00", "missing_lines": 11, "excluded_lines": 0, "num_branches": 4, "num_partial_branches": 0, "covered_branches": 0, "missing_branches": 4}, "missing_lines": [111, 112, 113, 114, 117, 118, 119, 120, 122, 123, 124], "excluded_lines": [], "executed_branches": [], "missing_branches": [[112, 113], [112, 117], [117, 118], [117, 120]]}, "get_cache": {"executed_lines": [], "summary": {"covered_lines": 0, "num_statements": 3, "percent_covered": 0.0, "percent_covered_display": "0.00", "missing_lines": 3, "excluded_lines": 0, "num_branches": 2, "num_partial_branches": 0, "covered_branches": 0, "missing_branches": 2}, "missing_lines": [133, 134, 135], "excluded_lines": [], "executed_branches": [], "missing_branches": [[133, 134], [133, 135]]}, "check_cache_health": {"executed_lines": [], "summary": {"covered_lines": 0, "num_statements": 8, "percent_covered": 0.0, "percent_covered_display": "0.00", "missing_lines": 8, "excluded_lines": 0, "num_branches": 2, "num_partial_branches": 0, "covered
[...]
ements": 9, "percent_covered": 0.0, "percent_covered_display": "0.00", "missing_lines": 9, "excluded_lines": 0, "num_branches": 0, "num_partial_branches": 0, "covered_branches": 0, "missing_branches": 0}, "missing_lines": [252, 253, 254, 255, 258, 259, 261, 268, 269], "excluded_lines": [], "executed_branches": [], "missing_branches": []}, "create_document": {"executed_lines": [], "summary": {"covered_lines": 0, "num_statements": 6, "percent_covered": 0.0, "percent_covered_display": "0.00", "missing_lines": 6, "excluded_lines": 0, "num_branches": 0, "num_partial_branches": 0, "covered_branches": 0, "missing_branches": 0}, "missing_lines": [284, 285, 292, 293, 294, 295], "excluded_lines": [], "executed_branches": [], "missing_branches": []}, "get_document_by_id": {"executed_lines": [], "summary": {"covered_lines": 0, "num_statements": 3, "percent_covered": 0.0, "percent_covered_display": "0.00", "missing_lines": 3, "excluded_lines": 0, "num_branches": 0, "num_partial_branches": 0, "covered_branches": 0, "missing_branches": 0}, "missing_lines": [300, 301, 305], "excluded_lines": [], "executed_branches": [], "missing_branches": []}, "search_documents": {"executed_lines": [], "summary": {"covered_lines": 0, "num_statements": 13, "percent_covered": 0.0, "percent_covered_display": "0.00", "missing_lines": 13, "excluded_lines": 0, "num_branches": 4, "num_partial_branches": 0, "covered_branches": 0, "missing_branches": 4}, "missing_lines": [315, 316, 317, 319, 320, 321, 323, 324, 325, 327, 328, 330, 331], "excluded_lines": [], "executed_branches": [], "missing_branches": [[319, 320], [319, 323], [323, 324], [323, 327]]}, "create_research_query": {"executed_lines": [], "summary": {"covered_lines": 0, "num_statements": 6, "percent_covered": 0.0, "percent_covered_display": "0.00", "missing_lines": 6, "excluded_lines": 0, "num_branches": 0, "num_partial_branches": 0, "covered_branches": 0, "missing_branches": 0}, "missing_lines": [340, 341, 346, 347, 348, 349], "excluded_lines": [], "executed_branches": [], "missing_branches": []}, "update_query_progress": {"executed_lines": [], "summary": {"covered_lines": 0, "num_statements": 6, "percent_covered": 0.0, "percent_covered_display": "0.00", "missing_lines": 6, "excluded_lines": 0, "num_branches": 2, "num_partial_branches": 0, "covered_branches": 0, "missing_branches": 2}, "missing_lines": [354, 355, 356, 357, 359, 363], "excluded_lines": [], "executed_branches": [], "missing_branches": [[356, 357], [356, 359]]}, "": {"executed_lines": [1, 3, 4, 5, 6, 7, 9, 10, 11, 15, 16, 18, 21, 22, 23, 26, 27, 28, 29, 30, 31, 32, 33, 34, 37, 38, 39, 40, 41, 42, 43, 46, 47, 48, 50, 51, 52, 53, 54, 57, 58, 59, 60, 61, 64, 65, 66, 67, 68, 69, 72, 73, 74, 75, 78, 79, 80, 83, 84, 87, 96, 97, 98, 100, 101, 102, 105, 106, 107, 108, 109, 112, 113, 114, 115, 116, 119, 120, 123, 126, 133, 134, 135, 137, 138, 141, 142, 143, 144, 145, 148, 149, 152, 155, 159, 164, 165, 173, 174, 175, 177, 178, 181, 182, 183, 186, 189, 196, 227, 234, 235, 250, 276, 298, 308, 334, 352], "summary": {"covered_lines": 110, "num_statements": 110, "percent_covered": 100.0, "percent_covered_display": "100.00", "missing_lines": 0, "excluded_lines": 0, "num_branches": 0, "num_partial_branches": 0, "covered_branches": 0, "missing_branches": 0}, "missing_lines": [], "excluded_lines": [], "executed_branches": [], "missing_branches": []}}, "classes": {"SourceType": {"executed_lines": [], "summary": {"covered_lines": 0, "num_statements": 0, "percent_covered": 100.0, "percent_covered_display": "100.00", "missing_lines": 0, "excluded_lines": 0, "num_branches": 0, "num_partial_branches": 0, "covered_branches": 0, "missing_branches": 0}, "missing_lines": [], "excluded_lines": [], "executed_branches": [], "missing_branches": []}, "ProcessingStatus": {"executed_lines": [], "summary": {"covered_lines": 0, "num_statements": 0, "percent_covered": 100.0, "percent_covered_display": "100.00", "missing_lines": 0, "excluded_lines": 0, "num_branches": 0, "num_partial_branches": 0, "covered_branches": 0, "missing_branches": 0}, "missing_lines": [], "excluded_lines": [], "executed_branches": [], "missing_branches": []}, "Document": {"executed_lines": [], "summary": {"covered_lines": 0, "num_statements": 0, "percent_covered": 100.0, "percent_covered_display": "100.00", "missing_lines": 0, "excluded_lines": 0, "num_branches": 0, "num_partial_branches": 0, "covered_branches": 0, "missing_branches": 0}, "missing_lines": [], "excluded_lines": [], "executed_branches": [], "missing_branches": []}, "ResearchQuery": {"executed_lines": [], "summary": {"covered_lines": 0, "num_statements": 0, "percent_covered": 100.0, "percent_covered_display": "100.00", "missing_lines": 0, "excluded_lines": 0, "num_branches": 0, "num_partial_branches": 0, "covered_branches": 0, "missing_branches": 0}, "missing_lines": [], "excluded_lines": [], "executed_branches": [], "missing_branches": []}, "Citation": {"executed_lines": [], "summary": {"covered_lines": 0, "num_statements": 0, "percent_covered": 100.0, "percent_covered_display": "100.00", "missing_lines": 0, "excluded_lines": 0, "num_branches": 0, "num_partial_branches": 0, "covered_branches": 0, "missing_branches": 0}, "missing_lines": [], "excluded_lines": [], "executed_branches": [], "missing_branches": []}, "VectorEmbedding": {"executed_lines": [], "summary": {"covered_lines": 0, "num_statements": 0, "percent_covered": 100.0, "percent_covered_display": "100.00", "missing_lines": 0, "excluded_lines": 0, "num_branches": 0, "num_partial_branches": 0, "covered_branches": 0, "missing_branches": 0}, "missing_lines": [], "excluded_lines": [], "executed_branches": [], "missing_branches": []}, "": {"executed_lines": [1, 3, 4, 5, 6, 7, 9, 10, 11, 15, 16, 18, 21, 22, 23, 26, 27, 28, 29, 30, 31, 32, 33, 34, 37, 38, 39, 40, 41, 42, 43, 46, 47, 48, 50, 51, 52, 53, 54, 57, 58, 59, 60, 61, 64, 65, 66, 67, 68, 69, 72, 73, 74, 75, 78, 79, 80, 83, 84, 87, 96, 97, 98, 100, 101, 102, 105, 106, 107, 108, 109, 112, 113, 114, 115, 116, 119, 120, 123, 126, 133, 134, 135, 137, 138, 141, 142, 143, 144, 145, 148, 149, 152, 155, 159, 164, 165, 173, 174, 175, 177, 178, 181, 182, 183, 186, 189, 196, 227, 234, 235, 250, 276, 298, 308, 334, 352], "summary": {"covered_lines": 110, "num_statements": 171, "percent_covered": 60.10928961748634, "percent_covered_display": "60.11", "missing_lines": 61, "excluded_lines": 0, "num_branches": 12, "num_partial_branches": 0, "covered_branches": 0, "missing_branches": 12}, "missing_lines": [201, 203, 204, 209, 216, 223, 224, 230, 231, 237, 238, 240, 241, 242, 243, 244, 245, 247, 252, 253, 254, 255, 258, 259, 261, 268, 269, 284, 285, 292, 293, 294, 295, 300, 301, 305, 315, 316, 317, 319, 320, 321, 323, 324, 325, 327, 328, 330, 331, 340, 341, 346, 347, 348, 349, 354, 355, 356, 357, 359, 363], "excluded_lines": [], "executed_branches": [], "missing_branches": [[201, 203], [201, 209], [230, -227], [230, 231], [237, 238], [237, 240], [319, 320], [319, 323], [323, 324], [323, 327], [356, 357], [356, 359]]}}}, "src/ai_research_framework/storage/vector_storage.py": {"executed_lines": [], "summary": {"covered_lines": 0, "num_statements": 25, "percent_covered": 0.0, "percent_covered_display": "0.00", "missing_lines": 25, "excluded_lines": 0, "num_branches": 4, "num_partial_branches": 0, "covered_branches": 0, "missing_branches": 4}, "missing_lines": [3, 4, 5, 7, 10, 11, 14, 18, 28, 29, 30, 31, 37, 39, 40, 41, 44, 46, 47, 48, 51, 52, 54, 60, 61], "excluded_lines": [], "executed_branches": [], "missing_branches": [[39, 40], [39, 41], [47, 48], [47, 51]], "functions": {"init_vector_storage": {"executed_lines": [], "summary": {"covered_lines": 0, "num_statements": 5, "percent_covered": 0.0, "percent_covered_display": "0.00", "missing_lines": 5, "excluded_lines": 0, "num_branches": 0, "num_partial_branches": 0, "covered_branches": 0, "missing_branches": 0}, "missing_lines": [18, 28, 29, 30, 31], "excluded_lines": [], "executed_branches": [], "missing_branches": []}, "get_vector_storage": {"executed_lines": [], "summary": {"covered_lines": 0, "num_statements": 3, "percent_covered": 0.0, "percent_covered_display": "0.00", "missing_lines": 3, "excluded_lines": 0, "num_branches": 2, "num_partial_branches": 0, "covered_branches": 0, "missing_branches": 2}, "missing_lines": [39, 40, 41], "excluded_lines": [], "executed_branches": [], "missing_branches": [[39, 40], [39, 41]]}, "check_vector_storage_health": {"executed_lines": [], "summary": {"covered_lines": 0, "num_statements": 8, "percent_covered": 0.0, "percent_covered_display": "0.00", "missing_lines": 8, "excluded_lines": 0, "num_branches": 2, "num_partial_branches": 0, "covered_branches": 0, "missing_branches": 2}, "missing_lines": [46, 47, 48, 51, 52, 54, 60, 61], "excluded_lines": [], "executed_branches": [], "missing_branches": [[47, 48], [47, 51]]}, "": {"executed_lines": [], "summary": {"covered_lines": 0, "num_statements": 9, "percent_covered": 0.0, "percent_covered_display": "0.00", "missing_lines": 9, "excluded_lines": 0, "num_branches": 0, "num_partial_branches": 0, "covered_branches": 0, "missing_branches": 0}, "missing_lines": [3, 4, 5, 7, 10, 11, 14, 37, 44], "excluded_lines": [], "executed_branches": [], "missing_branches": []}}, "classes": {"": {"executed_lines": [], "summary": {"covered_lines": 0, "num_statements": 25, "percent_covered": 0.0, "percent_covered_display": "0.00", "missing_lines": 25, "excluded_lines": 0, "num_branches": 4, "num_partial_branches": 0, "covered_branches": 0, "missing_branches": 4}, "missing_lines": [3, 4, 5, 7, 10, 11, 14, 18, 28, 29, 30, 31, 37, 39, 40, 41, 44, 46, 47, 48, 51, 52, 54, 60, 61], "excluded_lines": [], "executed_branches": [], "missing_branches": [[39, 40], [39, 41], [47, 48], [47, 51]]}}}, "src/ai_research_framework/utils/__init__.py": {"executed_lines": [1], "summary": {"covered_lines": 0, "num_statements": 0, "percent_covered": 100.0, "percent_covered_display": "100.00", "missing_lines": 0, "excluded_lines": 0, "num_branches": 0, "num_partial_branches": 0, "covered_branches": 0, "missing_branches": 0}, "missing_lines": [], "excluded_lines": [], "executed_branches": [], "missing_branches": [], "functions": {"": {"executed_lines": [1], "summary": {"covered_lines": 0, "num_statements": 0, "percent_covered": 100.0, "percent_covered_display": "100.00", "missing_lines": 0, "excluded_lines": 0, "num_branches": 0, "num_partial_branches": 0, "covered_branches": 0, "missing_branches": 0}, "missing_lines": [], "excluded_lines": [], "executed_branches": [], "missing_branches": []}}, "classes": {"": {"executed_lines": [1], "summary": {"covered_lines": 0, "num_statements": 0, "percent_covered": 100.0, "percent_covered_display": "100.00", "missing_lines": 0, "excluded_lines": 0, "num_branches": 0, "num_partial_branches": 0, "covered_branches": 0, "missing_branches": 0}, "missing_lines": [], "excluded_lines": [], "executed_branches": [], "missing_branches": []}}}, "src/ai_research_framework/utils/logging.py": {"executed_lines": [1, 3, 4, 5, 6, 7, 9, 12, 15, 18, 19, 22, 35, 47, 59, 69, 72, 74, 77, 82, 89, 99, 100, 102, 103, 105, 107, 111, 113, 115, 120, 146, 147, 149, 154, 160], "summary": {"covered_lines": 33, "num_statements": 63, "percent_covered": 49.25373134328358, "percent_covered_display": "49.25", "missing_lines": 30, "excluded_lines": 0, "num_branches": 4, "num_partial_branches": 0, "covered_branches": 0, "missing_branches": 4}, "missing_lines": [79, 84, 91, 109, 117, 122, 124, 125, 127, 128, 129, 130, 133, 134, 135, 136, 138, 143, 150, 151, 152, 155, 156, 157, 158, 161, 162, 164, 165, 169], "excluded_lines": [], "executed_branches": [], "missing_branches": [[134, 135], [134, 138], [164, 165], [164, 169]], "functions": {"setup_logging": {"executed_lines": [15, 18, 19, 22, 35, 47, 59, 69], "summary": {"covered_lines": 8, "num_statements": 8, "percent_covered": 100.0, "percent_covered_display": "100.00", "missing_lines": 0, "excluded_lines": 0, "num_branches": 0, "num_partial_branches": 0, "covered_branches": 0, "missing_branches": 0}, "missing_lines": [], "excluded_lines": [], "executed_branches": [], "missing_branches": []}, "get_logger": {"executed_lines": [74], "summary": {"covered_lines": 1, "num_statements": 1, "percent_covered": 100.0, "percent_covered_display": "100.00", "missing_lines": 0, "excluded_lines": 0, "num_branches": 0, "num_partial_branches": 0, "covered_branches": 0, "missing_branches": 0}, "missing_lines": [], "excluded_lines": [], "executed_branches": [], "missing_branches": []}, "log_research_operation": {"executed_lines": [], "summary": {"covered_lines": 0, "num_statements": 1, "percent_covered": 0.0, "percent_covered_display": "0.00", "missing_lines": 1, "excluded_lines": 0, "num_branches": 0, "num_partial_branches": 0, "covered_branches": 0, "missing_branches": 0}, "missing_lines": [79], "excluded_lines": [], "executed_branches": [], "missing_branches": []}, "log_performance": {"executed_lines": [], "summary": {"covered_lines": 0, "num_statements": 1, "percent_covered": 0.0, "percent_covered_display": "0.00", "missing_lines": 1, "excluded_lines": 0, "num_branches": 0, "num_partial_branches": 0, "covered_branches": 0, "missing_branches": 0}, "missing_lines": [84], "excluded_lines": [], "executed_branches": [], "missing_branches": []}, "log_api_request": {"executed_lines": [], "summary": {"covered_lines": 0, "num_statements": 1, "percent_covered": 0.0, "percent_covered_display": "0.00", "missing_lines": 1, "excluded_lines": 0, "num_branches": 0, "num_partial_branches": 0, "covered_branches": 0, "missing_branches": 0}, "missing_lines": [91], "excluded_lines": [], "executed_branches": [], "missing_branches": []}, "LoggerMixin.logger": {"executed_lines": [105], "summary": {"covered_lines": 1, "num_statements": 1, "percent_covered": 100.0, "percent_covered_display": "100.00", "missing_lines": 0, "excluded_lines": 0, "num_branches": 0, "num_partial_branches": 0, "covered_branches": 0, "missing_branches": 0}, "missing_lines": [], "excluded_lines": [], "executed_branches": [], "missing_branches": []}, "LoggerMixin.log_info": {"executed_lines": [], "summary": {"covered_lines": 0, "num_statements": 1, "percent_covered": 0.0, "percent_covered_display": "0.00", "missing_lines": 1, "excluded_lines": 0, "num_branches": 0, "num_partial_branches": 0, "covered_branches": 0, "missing_branches": 0}, "missing_lines": [109], "excluded_lines": [], "executed_branches": [], "missing_branches": []}, "LoggerMixin.log_warning": {"executed_lines": [113], "summary": {"covered_lines": 1, "num_statements": 1, "percent_covered": 100.0, "percent_covered_display": "100.00", "missing_lines": 0, "excluded_lines": 0, "num_branches": 0, "num_partial_branches": 0, "covered_branches": 0, "missing_branches": 0}, "missing_lines": [], "excluded_lines": [], "executed_branches": [], "missing_branches": []}, "LoggerMixin.log_error": {"executed_lines": [], "summary": {"covered_lines": 0, "num_statements": 1, "percent_covered": 0.0, "percent_covered_display": "0.00", "missing_lines": 1, "excluded_lines": 0, "num_branches": 0, "num_partial_branches": 0, "covered_branches": 0, "missing_branches": 0}, "missing_lines": [117], "excluded_lines": [], "executed_branches": [], "missing_branches": []}, "configure_uvicorn_logging": {"executed_lines": [], "summary": {"covered_lines": 0, "num_statements": 4, "percent_covered": 0.0, "percent_covered_display": "0.00", "missing_lines": 4, "excluded_lines": 0, "num_branches": 0, "num_partial_branches": 0, "covered_branches": 0, "missing_branches": 0}, "missing_lines": [122, 124, 125, 143], "excluded_lines": [], "executed_branches": [], "missing_branches": []}, "configure_uvicorn_logging.InterceptHandler.emit": {"executed_lines": [], "summary": {"covered_lines": 0, "num_statements": 9, "percent_covered": 0.0, "percent_covered_display": "0.00", "missing_lines": 9, "excluded_lines": 0, "num_branches": 2, "num_partial_branches": 0, "covered_branches": 0, "missing_branches": 2}, "missing_lines": [127, 128, 129, 130, 133, 134, 135, 136, 138], "excluded_lines": [], "executed_branches": [], "missing_branches": [[134, 135], [134, 138]]}, "LogContext.__init__": {"executed_lines": [], "summary": {"covered_lines": 0, "num_statements": 3, "percent_covered": 0.0, "percent_covered_display": "0.00", "missing_lines": 3, "excluded_lines": 0, "num_branches": 0, "num_partial_branches": 0, "covered_branches": 0, "missing_branches": 0}, "missing_lines": [150, 151, 152], "excluded_lines": [], "executed_branches": [], "missing_branches": []}, "LogContext.__enter__": {"executed_lines": [], "summary": {"covered_lines": 0, "num_statements": 4, "percent_covered": 0.0, "percent_covered_display": "0.00", "missing_lines": 4, "excluded_lines": 0, "num_branches": 0, "num_partial_branches": 0, "covered_branches": 0, "missing_branches": 0}, "missing_lines": [155, 156, 157, 158], "excluded_lines": [], "executed_branches": [], "missing_branches": []}, "LogContext.__exit__": {"executed_lines": [], "summary": {"covered_lines": 0, "num_statements": 5, "percent_covered": 0.0, "percent_covered_display": "0.00", "missing_lines": 5, "excluded_lines": 0, "num_branches": 2, "num_partial_branches": 0, "covered_branches": 0, "missing_branches": 2}, "missing_lines": [161, 162, 164, 165, 169], "excluded_lines": [], "executed_branches": [], "missing_branches": [[164, 165], [164, 169]]}, "": {"executed_lines": [1, 3, 4, 5, 6, 7, 9, 12, 72, 77, 82, 89, 99, 100, 102, 103, 107, 111, 115, 120, 146, 147, 149, 154, 160], "summary": {"covered_lines": 22, "num_statements": 22, "percent_covered": 100.0, "percent_covered_display": "100.00", "missing_lines": 0, "excluded_lines": 0, "num_branches": 0, "num_partial_branches": 0, "covered_branches": 0, "missing_branches": 0}, "missing_lines": [], "excluded_lines": [], "executed_branches": [], "missing_branches": []}}, "classes": {"LoggerMixin": {"executed_lines": [105, 113], "summary": {"covered_lines": 2, "num_statements": 4, "percent_covered": 50.0, "percent_covered_display": "50.00", "missing_lines": 2, "excluded_lines": 0, "num_branches": 0, "num_partial_branches": 0, "covered_branches": 0, "missing_branches": 0}, "missing_lines": [109, 117], "excluded_lines": [], "executed_branches": [], "missing_branches": []}, "configure_uvicorn_logging.InterceptHandler": {"executed_lines": [], "summary": {"covered_lines": 0, "num_statements": 9, "percent_covered": 0.0, "percent_covered_display": "0.00", "missing_lines": 9, "excluded_lines": 0, "num_branches": 2, "num_partial_branches": 0, "covered_branches": 0, "missing_branches": 2}, "missing_lines": [127, 128, 129, 130, 133, 134, 135, 136, 138], "excluded_lines": [], "executed_branches": [], "missing_branches": [[134, 135], [134, 138]]}, "LogContext": {"executed_lines": [], "summary": {"covered_lines": 0, "num_statements": 12, "percent_covered": 0.0, "percent_covered_display": "0.00", "missing_lines": 12, "excluded_lines": 0, "num_branches": 2, "num_partial_branches": 0, "covered_branches": 0, "missing_branches": 2}, "missing_lines": [150, 151, 152, 155, 156, 157, 158, 161, 162, 164, 165, 169], "excluded_lines": [], "executed_branches": [], "missing_branches": [[164, 165], [164, 169]]}, "": {"executed_lines": [1, 3, 4, 5, 6, 7, 9, 12, 15, 18, 19, 22, 35, 47, 59, 69, 72, 74, 77, 82, 89, 99, 100, 102, 103, 107, 111, 115, 120, 146, 147, 149, 154, 160], "summary": {"covered_lines": 31, "num_statements": 38, "percent_covered": 81.57894736842105, "percent_covered_display": "81.58", "missing_lines": 7, "excluded_lines": 0, "num_branches": 0, "num_partial_branches": 0, "covered_branches": 0, "missing_branches": 0}, "missing_lines": [79, 84, 91, 122, 124, 125, 143], "excluded_lines": [], "executed_branches": [], "missing_branches": []}}}}, "totals": {"covered_lines": 566, "num_statements": 1341, "percent_covered": 37.42613263296126, "percent_covered_display": "37.43", "missing_lines": 775, "excluded_lines": 2, "num_branches": 182, "num_partial_branches": 2, "covered_branches": 4, "missing_branches": 178}}