{"created": 1755164730.1365376, "duration": 1.87758207321167, "exitcode": 1, "root": "/home/ubuntu/ai-research-framework-production", "environment": {}, "summary": {"failed": 6, "passed": 11, "total": 17, "collected": 17}, "collectors": [{"nodeid": "", "outcome": "passed", "result": [{"nodeid": "tests/unit/test_config.py", "type": "Module"}]}, {"nodeid": "tests/unit/test_config.py::TestSettings", "outcome": "passed", "result": [{"nodeid": "tests/unit/test_config.py::TestSettings::test_default_settings", "type": "Function", "lineno": 12}, {"nodeid": "tests/unit/test_config.py::TestSettings::test_database_url_validation", "type": "Function", "lineno": 22}, {"nodeid": "tests/unit/test_config.py::TestSettings::test_environment_specific_settings", "type": "Function", "lineno": 32}, {"nodeid": "tests/unit/test_config.py::TestSettings::test_api_key_settings", "type": "Function", "lineno": 46}, {"nodeid": "tests/unit/test_config.py::TestSettings::test_redis_url_validation", "type": "Function", "lineno": 56}, {"nodeid": "tests/unit/test_config.py::TestSettings::test_log_level_validation", "type": "Function", "lineno": 61}, {"nodeid": "tests/unit/test_config.py::TestSettings::test_environment_variables", "type": "Function", "lineno": 69}, {"nodeid": "tests/unit/test_config.py::TestSettings::test_model_config", "type": "Function", "lineno": 94}]}, {"nodeid": "tests/unit/test_config.py::TestGetSettings", "outcome": "passed", "result": [{"nodeid": "tests/unit/test_config.py::TestGetSettings::test_get_settings_singleton", "type": "Function", "lineno": 107}, {"nodeid": "tests/unit/test_config.py::TestGetSettings::test_get_settings_type", "type": "Function", "lineno": 114}, {"nodeid": "tests/unit/test_config.py::TestGetSettings::test_get_settings_with_env", "type": "Function", "lineno": 119}]}, {"nodeid": "tests/unit/test_config.py::TestSettingsValidation", "outcome": "passed", "result": [{"nodeid": "tests/unit/test_config.py::TestSettingsValidation::test_port_validation", "type": "Function", "lineno": 132}, {"nodeid": "tests/unit/test_config.py::TestSettingsValidation::test_host_validation", "type": "Function", "lineno": 145}, {"nodeid": "tests/unit/test_config.py::TestSettingsValidation::test_boolean_settings", "type": "Function", "lineno": 154}, {"nodeid": "tests/unit/test_config.py::TestSettingsValidation::test_optional_settings", "type": "Function", "lineno": 161}]}, {"nodeid": "tests/unit/test_config.py::TestSettingsIntegration", "outcome": "passed", "result": [{"nodeid": "tests/unit/test_config.py::TestSettingsIntegration::test_settings_with_file", "type": "Function", "lineno": 175}, {"nodeid": "tests/unit/test_config.py::TestSettingsIntegration::test_settings_precedence", "type": "Function", "lineno": 192}]}, {"nodeid": "tests/unit/test_config.py", "outcome": "passed", "result": [{"nodeid": "tests/unit/test_config.py::TestSettings", "type": "Class"}, {"nodeid": "tests/unit/test_config.py::TestGetSettings", "type": "Class"}, {"nodeid": "tests/unit/test_config.py::TestSettingsValidation", "type": "Class"}, {"nodeid": "tests/unit/test_config.py::TestSettingsIntegration", "type": "Class"}]}], "tests": [{"nodeid": "tests/unit/test_config.py::TestSettings::test_default_settings", "lineno": 12, "outcome": "failed", "keywords": ["test_default_settings", "TestSettings", "test_config.py", "unit", "tests", "ai-research-framework-production", ""], "setup": {"duration": 0.09030265896581113, "outcome": "passed"}, "call": {"duration": 0.012308693025261164, "outcome": "failed", "crash": {"path": "/home/ubuntu/ai-research-framework-production/tests/unit/test_config.py", "lineno": 18, "message": "AssertionError: assert 'test' == 'development'\n  \n  \u001b[0m\u001b[91m- development\u001b[39;49;00m\u001b[90m\u001b[39;49;00m\n  \u001b[92m+ test\u001b[39;49;00m\u001b[90m\u001b[39;49;00m"}, "traceback": [{"path": "tests/unit/test_config.py", "lineno": 18, "message": "AssertionError"}], "longrepr": "self = <test_config.TestSettings object at 0x7fe7ed4ae750>\n\n    def test_default_settings(self):\n        \"\"\"Test default settings initialization.\"\"\"\n        settings = Settings()\n    \n        assert settings.app_name == \"AI Research Framework\"\n>       assert settings.environment == \"development\"\nE       AssertionError: assert 'test' == 'development'\nE         \nE         \u001b[0m\u001b[91m- development\u001b[39;49;00m\u001b[90m\u001b[39;49;00m\nE         \u001b[92m+ test\u001b[39;49;00m\u001b[90m\u001b[39;49;00m\n\ntests/unit/test_config.py:18: AssertionError"}, "teardown": {"duration": 0.000567756942473352, "outcome": "passed"}}, {"nodeid": "tests/unit/test_config.py::TestSettings::test_database_url_validation", "lineno": 22, "outcome": "passed", "keywords": ["test_database_url_validation", "TestSettings", "test_config.py", "unit", "tests", "ai-research-framework-production", ""], "setup": {"duration": 0.0006183830555528402, "outcome": "passed"}, "call": {"duration": 0.018074016901664436, "outcome": "passed"}, "teardown": {"duration": 0.00032922299578785896, "outcome": "passed"}}, {"nodeid": "tests/unit/test_config.py::TestSettings::test_environment_specific_settings", "lineno": 32, "outcome": "passed", "keywords": ["test_environment_specific_settings", "TestSettings", "test_config.py", "unit", "tests", "ai-research-framework-production", ""], "setup": {"duration": 0.0005624810000881553, "outcome": "passed"}, "call": {"duration": 0.02766966598574072, "outcome": "passed"}, "teardown": {"duration": 0.00041716499254107475, "outcome": "passed"}}, {"nodeid": "tests/unit/test_config.py::TestSettings::test_api_key_settings", "lineno": 46, "outcome": "passed", "keywords": ["test_api_key_settings", "TestSettings", "test_config.py", "unit", "tests", "ai-research-framework-production", ""], "setup": {"duration": 0.0007665279554203153, "outcome": "passed"}, "call": {"duration": 0.01121942198369652, "outcome": "passed"}, "teardown": {"duration": 0.0003962690243497491, "outcome": "passed"}}, {"nodeid": "tests/unit/test_config.py::TestSettings::test_redis_url_validation", "lineno": 56, "outcome": "passed", "keywords": ["test_redis_url_validation", "TestSettings", "test_config.py", "unit", "tests", "ai-research-framework-production", ""], "setup": {"duration": 0.0010190419852733612, "outcome": "passed"}, "call": {"duration": 0.013437089044600725, "outcome": "passed"}, "teardown": {"duration": 0.000413155066780746, "outcome": "passed"}}, {"nodeid": "tests/unit/test_config.py::TestSettings::test_log_level_validation", "lineno": 61, "outcome": "passed", "keywords": ["test_log_level_validation", "TestSettings", "test_config.py", "unit", "tests", "ai-research-framework-production", ""], "setup": {"duration": 0.0006568949902430177, "outcome": "passed"}, "call": {"duration": 0.04737999604549259, "outcome": "passed"}, "teardown": {"duration": 0.0003419209970161319, "outcome": "passed"}}, {"nodeid": "tests/unit/test_config.py::TestSettings::test_environment_variables", "lineno": 69, "outcome": "passed", "keywords": ["test_environment_variables", "__wrapped__", "TestSettings", "test_config.py", "unit", "tests", "ai-research-framework-production", ""], "setup": {"duration": 0.0006000780267640948, "outcome": "passed"}, "call": {"duration": 0.010927755036391318, "outcome": "passed"}, "teardown": {"duration": 0.0002894480712711811, "outcome": "passed"}}, {"nodeid": "tests/unit/test_config.py::TestSettings::test_model_config", "lineno": 94, "outcome": "failed", "keywords": ["test_model_config", "TestSettings", "test_config.py", "unit", "tests", "ai-research-framework-production", ""], "setup": {"duration": 0.0005861429963260889, "outcome": "passed"}, "call": {"duration": 0.009537967038340867, "outcome": "failed", "crash": {"path": "/home/ubuntu/ai-research-framework-production/tests/unit/test_config.py", "lineno": 100, "message": "AssertionError: assert False\n +  where False = hasattr({'extra': 'ignore', 'arbitrary_types_allowed': True, 'validate_default': True, 'case_sensitive': False, 'env_prefix': '', 'nested_model_default_partial_update': False, 'env_file': '.env', 'env_file_encoding': 'utf-8', 'env_ignore_empty': False, 'env_nested_delimiter': None, 'env_nested_max_split': None, 'env_parse_none_str': None, 'env_parse_enums': None, 'cli_prog_name': None, 'cli_parse_args': None, 'cli_parse_none_str': None, 'cli_hide_none_type': False, 'cli_avoid_json': False, 'cli_enforce_required': False, 'cli_use_class_docs_for_groups': False, 'cli_exit_on_error': True, 'cli_prefix': '', 'cli_flag_prefix_char': '-', 'cli_implicit_flags': False, 'cli_ignore_unknown_args': False, 'cli_kebab_case': False, 'cli_shortcuts': None, 'json_file': None, 'json_file_encoding': None, 'yaml_file': None, 'yaml_file_encoding': None, 'yaml_config_section': None, 'toml_file': None, 'secrets_dir': None, 'protected_namespaces': ('model_validate', 'model_dump', 'settings_customise_sources'), 'enable_decoding': True}, 'env_file')\n +    where {'extra': 'ignore', 'arbitrary_types_allowed': True, 'validate_default': True, 'case_sensitive': False, 'env_prefix': '', 'nested_model_default_partial_update': False, 'env_file': '.env', 'env_file_encoding': 'utf-8', 'env_ignore_empty': False, 'env_nested_delimiter': None, 'env_nested_max_split': None, 'env_parse_none_str': None, 'env_parse_enums': None, 'cli_prog_name': None, 'cli_parse_args': None, 'cli_parse_none_str': None, 'cli_hide_none_type': False, 'cli_avoid_json': False, 'cli_enforce_required': False, 'cli_use_class_docs_for_groups': False, 'cli_exit_on_error': True, 'cli_prefix': '', 'cli_flag_prefix_char': '-', 'cli_implicit_flags': False, 'cli_ignore_unknown_args': False, 'cli_kebab_case': False, 'cli_shortcuts': None, 'json_file': None, 'json_file_encoding': None, 'yaml_file': None, 'yaml_file_encoding': None, 'yaml_config_section': None, 'toml_file': None, 'secrets_dir': None, 'protected_namespaces': ('model_validate', 'model_dump', 'settings_customise_sources'), 'enable_decoding': True} = Settings(app_name='AI Research Framework', app_version='0.1.0', debug=True, environment='test', host='0.0.0.0', port=8000, workers=1, database_url='sqlite+aiosqlite:///:memory:', database_pool_size=10, database_max_overflow=20, redis_url='', redis_db=0, redis_password='', chromadb_host='localhost', chromadb_port=8001, chromadb_collection_name='research_documents', openai_api_key='sk-TkgdkrnPBDhXRfkxW3i32C', openai_api_base='https://api.manus.im/api/llm-proxy/v1', anthropic_api_key='', tesseract_cmd='', ocr_confidence_threshold=80.0, ocr_languages=['eng', 'hin', 'san'], max_file_size=104857600, supported_formats=['pdf', 'docx', 'txt', 'jpg', 'png', 'tiff'], processing_timeout=300, scraping_delay=1.0, scraping_timeout=30, scraping_retries=3, user_agent='AI Research Framework Bot 1.0', rate_limit_requests=100, rate_limit_window=3600, jwt_secret_key='your-secret-key-change-in-production', jwt_algorithm='HS256', jwt_expire_minutes=60, cors_origins=['*'], cors_allow_credentials=True, cors_allow_methods=['*'], cors_allow_headers=['*'], log_level='DEBUG', log_format='text', log_file='', enable_metrics=True, metrics_port=9090, storage_path='./data', backup_path='./backups', temp_path='./temp', max_sources_per_query=50, default_time_range_years=100, credibility_threshold=0.6, default_language='english', supported_languages=['english', 'hindi', 'sanskrit', 'tamil']).model_config"}, "traceback": [{"path": "tests/unit/test_config.py", "lineno": 100, "message": "AssertionError"}], "longrepr": "self = <test_config.TestSettings object at 0x7fe7ed49e190>\n\n    def test_model_config(self):\n        \"\"\"Test Pydantic model configuration.\"\"\"\n        settings = Settings()\n    \n        # Test that the model has the expected configuration\n>       assert hasattr(settings.model_config, 'env_file')\nE       AssertionError: assert False\nE        +  where False = hasattr({'extra': 'ignore', 'arbitrary_types_allowed': True, 'validate_default': True, 'case_sensitive': False, 'env_prefix': '', 'nested_model_default_partial_update': False, 'env_file': '.env', 'env_file_encoding': 'utf-8', 'env_ignore_empty': False, 'env_nested_delimiter': None, 'env_nested_max_split': None, 'env_parse_none_str': None, 'env_parse_enums': None, 'cli_prog_name': None, 'cli_parse_args': None, 'cli_parse_none_str': None, 'cli_hide_none_type': False, 'cli_avoid_json': False, 'cli_enforce_required': False, 'cli_use_class_docs_for_groups': False, 'cli_exit_on_error': True, 'cli_prefix': '', 'cli_flag_prefix_char': '-', 'cli_implicit_flags': False, 'cli_ignore_unknown_args': False, 'cli_kebab_case': False, 'cli_shortcuts': None, 'json_file': None, 'json_file_encoding': None, 'yaml_file': None, 'yaml_file_encoding': None, 'yaml_config_section': None, 'toml_file': None, 'secrets_dir': None, 'protected_namespaces': ('model_validate', 'model_dump', 'settings_customise_sources'), 'enable_decoding': True}, 'env_file')\nE        +    where {'extra': 'ignore', 'arbitrary_types_allowed': True, 'validate_default': True, 'case_sensitive': False, 'env_prefix': '', 'nested_model_default_partial_update': False, 'env_file': '.env', 'env_file_encoding': 'utf-8', 'env_ignore_empty': False, 'env_nested_delimiter': None, 'env_nested_max_split': None, 'env_parse_none_str': None, 'env_parse_enums': None, 'cli_prog_name': None, 'cli_parse_args': None, 'cli_parse_none_str': None, 'cli_hide_none_type': False, 'cli_avoid_json': False, 'cli_enforce_required': False, 'cli_use_class_docs_for_groups': False, 'cli_exit_on_error': True, 'cli_prefix': '', 'cli_flag_prefix_char': '-', 'cli_implicit_flags': False, 'cli_ignore_unknown_args': False, 'cli_kebab_case': False, 'cli_shortcuts': None, 'json_file': None, 'json_file_encoding': None, 'yaml_file': None, 'yaml_file_encoding': None, 'yaml_config_section': None, 'toml_file': None, 'secrets_dir': None, 'protected_namespaces': ('model_validate', 'model_dump', 'settings_customise_sources'), 'enable_decoding': True} = Settings(app_name='AI Research Framework', app_version='0.1.0', debug=True, environment='test', host='0.0.0.0', port=8000, workers=1, database_url='sqlite+aiosqlite:///:memory:', database_pool_size=10, database_max_overflow=20, redis_url='', redis_db=0, redis_password='', chromadb_host='localhost', chromadb_port=8001, chromadb_collection_name='research_documents', openai_api_key='sk-TkgdkrnPBDhXRfkxW3i32C', openai_api_base='https://api.manus.im/api/llm-proxy/v1', anthropic_api_key='', tesseract_cmd='', ocr_confidence_threshold=80.0, ocr_languages=['eng', 'hin', 'san'], max_file_size=104857600, supported_formats=['pdf', 'docx', 'txt', 'jpg', 'png', 'tiff'], processing_timeout=300, scraping_delay=1.0, scraping_timeout=30, scraping_retries=3, user_agent='AI Research Framework Bot 1.0', rate_limit_requests=100, rate_limit_window=3600, jwt_secret_key='your-secret-key-change-in-production', jwt_algorithm='HS256', jwt_expire_minutes=60, cors_origins=['*'], cors_allow_credentials=True, cors_allow_methods=['*'], cors_allow_headers=['*'], log_level='DEBUG', log_format='text', log_file='', enable_metrics=True, metrics_port=9090, storage_path='./data', backup_path='./backups', temp_path='./temp', max_sources_per_query=50, default_time_range_years=100, credibility_threshold=0.6, default_language='english', supported_languages=['english', 'hindi', 'sanskrit', 'tamil']).model_config\n\ntests/unit/test_config.py:100: AssertionError"}, "teardown": {"duration": 0.000355970929376781, "outcome": "passed"}}, {"nodeid": "tests/unit/test_config.py::TestGetSettings::test_get_settings_singleton", "lineno": 107, "outcome": "failed", "keywords": ["test_get_settings_singleton", "TestGetSettings", "test_config.py", "unit", "tests", "ai-research-framework-production", ""], "setup": {"duration": 0.0005598940188065171, "outcome": "passed"}, "call": {"duration": 0.00027040799614042044, "outcome": "failed", "crash": {"path": "/home/ubuntu/ai-research-framework-production/tests/unit/test_config.py", "lineno": 110, "message": "NameError: name 'get_settings' is not defined"}, "traceback": [{"path": "tests/unit/test_config.py", "lineno": 110, "message": "NameError"}], "longrepr": "self = <test_config.TestGetSettings object at 0x7fe7ed49f150>\n\n    def test_get_settings_singleton(self):\n        \"\"\"Test that get_settings returns the same instance.\"\"\"\n>       settings1 = get_settings()\n                    ^^^^^^^^^^^^\nE       NameError: name 'get_settings' is not defined\n\ntests/unit/test_config.py:110: NameError"}, "teardown": {"duration": 0.0002973569789901376, "outcome": "passed"}}, {"nodeid": "tests/unit/test_config.py::TestGetSettings::test_get_settings_type", "lineno": 114, "outcome": "failed", "keywords": ["test_get_settings_type", "TestGetSettings", "test_config.py", "unit", "tests", "ai-research-framework-production", ""], "setup": {"duration": 0.0005446509458124638, "outcome": "passed"}, "call": {"duration": 0.0002626919886097312, "outcome": "failed", "crash": {"path": "/home/ubuntu/ai-research-framework-production/tests/unit/test_config.py", "lineno": 117, "message": "NameError: name 'get_settings' is not defined"}, "traceback": [{"path": "tests/unit/test_config.py", "lineno": 117, "message": "NameError"}], "longrepr": "self = <test_config.TestGetSettings object at 0x7fe7ed49fed0>\n\n    def test_get_settings_type(self):\n        \"\"\"Test that get_settings returns Settings instance.\"\"\"\n>       settings = get_settings()\n                   ^^^^^^^^^^^^\nE       NameError: name 'get_settings' is not defined\n\ntests/unit/test_config.py:117: NameError"}, "teardown": {"duration": 0.00030268996488302946, "outcome": "passed"}}, {"nodeid": "tests/unit/test_config.py::TestGetSettings::test_get_settings_with_env", "lineno": 119, "outcome": "failed", "keywords": ["test_get_settings_with_env", "__wrapped__", "TestGetSettings", "test_config.py", "unit", "tests", "ai-research-framework-production", ""], "setup": {"duration": 0.0005360889481380582, "outcome": "passed"}, "call": {"duration": 0.0010287619661539793, "outcome": "failed", "crash": {"path": "/home/ubuntu/ai-research-framework-production/tests/unit/test_config.py", "lineno": 124, "message": "NameError: name 'get_settings' is not defined"}, "traceback": [{"path": "tests/unit/test_config.py", "lineno": 124, "message": "NameError"}], "longrepr": "self = <test_config.TestGetSettings object at 0x7fe7ed49f810>\n\n    @patch.dict(\"os.environ\", {\"ENVIRONMENT\": \"test\"})\n    def test_get_settings_with_env(self):\n        \"\"\"Test get_settings with environment variables.\"\"\"\n        # Clear any cached settings\n>       get_settings.cache_clear()\n        ^^^^^^^^^^^^\nE       NameError: name 'get_settings' is not defined\n\ntests/unit/test_config.py:124: NameError"}, "teardown": {"duration": 0.00033712899312376976, "outcome": "passed"}}, {"nodeid": "tests/unit/test_config.py::TestSettingsValidation::test_port_validation", "lineno": 132, "outcome": "passed", "keywords": ["test_port_validation", "TestSettingsValidation", "test_config.py", "unit", "tests", "ai-research-framework-production", ""], "setup": {"duration": 0.0005681379698216915, "outcome": "passed"}, "call": {"duration": 0.027121352963149548, "outcome": "passed"}, "teardown": {"duration": 0.0003813569201156497, "outcome": "passed"}}, {"nodeid": "tests/unit/test_config.py::TestSettingsValidation::test_host_validation", "lineno": 145, "outcome": "passed", "keywords": ["test_host_validation", "TestSettingsValidation", "test_config.py", "unit", "tests", "ai-research-framework-production", ""], "setup": {"duration": 0.0005614979891106486, "outcome": "passed"}, "call": {"duration": 0.03531805891543627, "outcome": "passed"}, "teardown": {"duration": 0.0003435219405218959, "outcome": "passed"}}, {"nodeid": "tests/unit/test_config.py::TestSettingsValidation::test_boolean_settings", "lineno": 154, "outcome": "passed", "keywords": ["test_boolean_settings", "TestSettingsValidation", "test_config.py", "unit", "tests", "ai-research-framework-production", ""], "setup": {"duration": 0.0005653910338878632, "outcome": "passed"}, "call": {"duration": 0.009111625025980175, "outcome": "passed"}, "teardown": {"duration": 0.0003144840011373162, "outcome": "passed"}}, {"nodeid": "tests/unit/test_config.py::TestSettingsValidation::test_optional_settings", "lineno": 161, "outcome": "failed", "keywords": ["test_optional_settings", "TestSettingsValidation", "test_config.py", "unit", "tests", "ai-research-framework-production", ""], "setup": {"duration": 0.0005656069843098521, "outcome": "passed"}, "call": {"duration": 0.009520896943286061, "outcome": "failed", "crash": {"path": "/home/ubuntu/ai-research-framework-production/tests/unit/test_config.py", "lineno": 167, "message": "AssertionError: assert 'sk-TkgdkrnPBDhXRfkxW3i32C' is None\n +  where 'sk-TkgdkrnPBDhXRfkxW3i32C' = Settings(app_name='AI Research Framework', app_version='0.1.0', debug=True, environment='test', host='0.0.0.0', port=8000, workers=1, database_url='sqlite+aiosqlite:///:memory:', database_pool_size=10, database_max_overflow=20, redis_url='', redis_db=0, redis_password='', chromadb_host='localhost', chromadb_port=8001, chromadb_collection_name='research_documents', openai_api_key='sk-TkgdkrnPBDhXRfkxW3i32C', openai_api_base='https://api.manus.im/api/llm-proxy/v1', anthropic_api_key='', tesseract_cmd='', ocr_confidence_threshold=80.0, ocr_languages=['eng', 'hin', 'san'], max_file_size=104857600, supported_formats=['pdf', 'docx', 'txt', 'jpg', 'png', 'tiff'], processing_timeout=300, scraping_delay=1.0, scraping_timeout=30, scraping_retries=3, user_agent='AI Research Framework Bot 1.0', rate_limit_requests=100, rate_limit_window=3600, jwt_secret_key='your-secret-key-change-in-production', jwt_algorithm='HS256', jwt_expire_minutes=60, cors_origins=['*'], cors_allow_credentials=True, cors_allow_methods=['*'], cors_allow_headers=['*'], log_level='DEBUG', log_format='text', log_file='', enable_metrics=True, metrics_port=9090, storage_path='./data', backup_path='./backups', temp_path='./temp', max_sources_per_query=50, default_time_range_years=100, credibility_threshold=0.6, default_language='english', supported_languages=['english', 'hindi', 'sanskrit', 'tamil']).openai_api_key"}, "traceback": [{"path": "tests/unit/test_config.py", "lineno": 167, "message": "AssertionError"}], "longrepr": "self = <test_config.TestSettingsValidation object at 0x7fe7ed49d690>\n\n    def test_optional_settings(self):\n        \"\"\"Test optional settings.\"\"\"\n        settings = Settings()\n    \n        # These should be None by default\n>       assert settings.openai_api_key is None\nE       AssertionError: assert 'sk-TkgdkrnPBDhXRfkxW3i32C' is None\nE        +  where 'sk-TkgdkrnPBDhXRfkxW3i32C' = Settings(app_name='AI Research Framework', app_version='0.1.0', debug=True, environment='test', host='0.0.0.0', port=8000, workers=1, database_url='sqlite+aiosqlite:///:memory:', database_pool_size=10, database_max_overflow=20, redis_url='', redis_db=0, redis_password='', chromadb_host='localhost', chromadb_port=8001, chromadb_collection_name='research_documents', openai_api_key='sk-TkgdkrnPBDhXRfkxW3i32C', openai_api_base='https://api.manus.im/api/llm-proxy/v1', anthropic_api_key='', tesseract_cmd='', ocr_confidence_threshold=80.0, ocr_languages=['eng', 'hin', 'san'], max_file_size=104857600, supported_formats=['pdf', 'docx', 'txt', 'jpg', 'png', 'tiff'], processing_timeout=300, scraping_delay=1.0, scraping_timeout=30, scraping_retries=3, user_agent='AI Research Framework Bot 1.0', rate_limit_requests=100, rate_limit_window=3600, jwt_secret_key='your-secret-key-change-in-production', jwt_algorithm='HS256', jwt_expire_minutes=60, cors_origins=['*'], cors_allow_credentials=True, cors_allow_methods=['*'], cors_allow_headers=['*'], log_level='DEBUG', log_format='text', log_file='', enable_metrics=True, metrics_port=9090, storage_path='./data', backup_path='./backups', temp_path='./temp', max_sources_per_query=50, default_time_range_years=100, credibility_threshold=0.6, default_language='english', supported_languages=['english', 'hindi', 'sanskrit', 'tamil']).openai_api_key\n\ntests/unit/test_config.py:167: AssertionError"}, "teardown": {"duration": 0.0003798740217462182, "outcome": "passed"}}, {"nodeid": "tests/unit/test_config.py::TestSettingsIntegration::test_settings_with_file", "lineno": 175, "outcome": "passed", "keywords": ["test_settings_with_file", "TestSettingsIntegration", "unit", "test_config.py", "tests", "ai-research-framework-production", ""], "setup": {"duration": 0.0009729549055919051, "outcome": "passed"}, "call": {"duration": 0.0046310939360409975, "outcome": "passed"}, "teardown": {"duration": 0.0006114839343354106, "outcome": "passed"}}, {"nodeid": "tests/unit/test_config.py::TestSettingsIntegration::test_settings_precedence", "lineno": 192, "outcome": "passed", "keywords": ["test_settings_precedence", "TestSettingsIntegration", "unit", "test_config.py", "tests", "ai-research-framework-production", ""], "setup": {"duration": 0.0008031489560380578, "outcome": "passed"}, "call": {"duration": 0.004811833030544221, "outcome": "passed"}, "teardown": {"duration": 0.0005334990564733744, "outcome": "passed"}}]}